(base) [hentsche@DCMLPC3 code]$ python convert_all_abc2xml.py ../data/abc ../data/xml


Polonäs_ur_Lars_Larssons_notbok_i_Dm_5419f9.abc
-- skipped I-field: abc-charset utf-8
-- skipped header: (field X,96)


Polonäs_i_D_ur_AP_Roos_notbok_128ae2.abc
-- skipped I-field: abc-charset utf-8
-- skipped header: (field X,13)


Polonäs_ur_Lars_Larssons_notbok_c05e54.abc
-- skipped I-field: abc-charset utf-8
-- skipped header: (field X,71)


Polonäs_e58d23.abc
-- skipped I-field: abc-charset utf-8
-- skipped header: (field X,65)


Polonäs_9b212c.abc
-- skipped I-field: abc-charset utf-8
-- skipped header: (field X,161)


Polonesse_in_G_Måll_no_1_Compo_af_Lackström_6d9cdd.abc
-- skipped I-field: abc-charset utf-8
-- skipped header: (field X,118)


Polonäs_i_Dm_efter_Johan_Eric_Blomgren_c35e09.abc
-- skipped I-field: abc-charset utf-8
-- skipped header: (field X,440)


_Polonäs_sexdregasamlingen_del_2_nr_124_94ba6d.abc
-- skipped I-field: abc-charset utf-8
-- skipped header: (field X,124)


Ridmarsch_efter_ByssKalle_nr_37_fde696.abc
-- skipped I-field: abc-charset utf-8
-- skipped header: (field X,37)


Polonesse_in_G_Dur_no_15_ur_Anders_Larssons_notbok_7fa231.abc
-- skipped I-field: abc-charset utf-8
-- skipped header: (field X,17)


_Polska_efter_Gustav_Strutz_a7845f.abc
-- skipped I-field: abc-charset utf-8
-- skipped header: (field X,1)


Pollonesse_ur_Andreas_Dahlgrens_notbok_no_28_5d2406.abc
-- skipped I-field: abc-charset utf-8
-- skipped header: (field X,28)


Polska_från_Tuna_466e69.abc
-- skipped I-field: abc-charset utf-8
-- skipped header: (field X,1)


Polonäs_3a2fff.abc
-- skipped I-field: abc-charset utf-8
-- skipped header: (field X,10)


Pollonesse_183210_e91ef9.abc
-- skipped I-field: abc-charset utf-8
-- skipped header: (field X,10)


Polonäs_efter_Sam_Wåhlberg_af7175.abc
-- skipped I-field: abc-charset utf-8
-- skipped header: (field X,62)


Polonesse_in_F_Dur_No_1__d6147c.abc
-- skipped I-field: abc-charset utf-8
-- skipped header: (field X,71)


Polonesse_in_A_Moll_no_1_ur_Anders_Larssons_notbok_83b1de.abc
-- skipped I-field: abc-charset utf-8
-- skipped header: (field X,105)


Polska_efter_Petter_Ola_ed899c.abc
-- skipped I-field: abc-charset utf-8
-- skipped header: (field X,312)


_Polska_efter_ByssKalle_nr_31_b77188.abc
-- skipped I-field: abc-charset utf-8
-- skipped header: (field X,31)


Pollonesse_183217_15e73c.abc
-- skipped I-field: abc-charset utf-8
-- skipped header: (field X,17)


_Polonäs_sexdregasamlingen_del_2_nr_85_f7b5bb.abc
-- skipped I-field: abc-charset utf-8
-- skipped header: (field X,85)


Polonäs_efter_Pehr_Andersson_Bild_05_nr_13_711bf4.abc
-- skipped I-field: abc-charset utf-8
-- skipped header: (field X,13)


Polonäs_9c99ae.abc
-- skipped I-field: abc-charset utf-8
-- skipped header: (field X,159)


Polonäs_0b8dfd.abc
-- skipped I-field: abc-charset utf-8
-- skipped header: (field X,19)


Polonäs_ur_NilsJohan_Nybergs_notbok_61baf2.abc
-- skipped I-field: abc-charset utf-8
-- skipped header: (field X,31)


_Polonäs_sexdregasamlingen_del_2_nr_20_9689b5.abc
-- skipped I-field: abc-charset utf-8
-- skipped header: (field X,20)


Pollonesse_ur_Andreas_Dahlgrens_notbok_nr_13_014a76.abc
-- skipped I-field: abc-charset utf-8
-- skipped header: (field X,13)


Polonäs_efter_Pehr_Andersson_Bild_13_nr_37_bf3c6c.abc
-- skipped I-field: abc-charset utf-8
-- skipped header: (field X,38)


_Polonäs_sexdregasamlingen_del_1_nr_117_586914.abc
-- skipped I-field: abc-charset utf-8
-- skipped header: (field X,117)


Polska_ur_Sven_Donats_notbok_6cab1d.abc
-- skipped I-field: abc-charset utf-8
-- skipped header: (field X,21)


_Polska_efter_ByssKalle_nr_30_330ced.abc
-- skipped I-field: abc-charset utf-8
-- skipped header: (field X,30)


Isbrytaren_polska_efter_ByssKalle_nr_24_f34e23.abc
-- skipped I-field: abc-charset utf-8
-- skipped header: (field X,24)


Polonäs_c381fe.abc
-- skipped I-field: abc-charset utf-8
-- skipped header: (field X,197)


Polonäs_ur_NilsJohan_Nybergs_notbok_25527a.abc
-- skipped I-field: abc-charset utf-8
-- skipped header: (field X,18)


_Polonesse_in_D_Dur_no_20_ur_Anders_Larssons_notbok_fa380e.abc
-- skipped I-field: abc-charset utf-8
-- skipped header: (field X,34)


Groddamors_polska__aef958.abc
-- skipped I-field: abc-charset utf-8
-- skipped header: (field X,116)


Polska_efter_Johan_Lundin_0f35db.abc
-- skipped I-field: abc-charset utf-8
-- skipped header: (field X,1)


Polonäs_efter_Erik_Eriksson_6142ca.abc
-- skipped I-field: abc-charset utf-8
-- skipped header: (field X,75)


Polonäs_e2593d.abc
-- skipped I-field: abc-charset utf-8
-- skipped header: (field X,50)


Polonäs_efter_Gustaf_Weslien_20234a.abc
-- skipped I-field: abc-charset utf-8
-- skipped header: (field X,34)


Polonäs_efter_Sam_Wåhlberg_Gm_3866c4.abc
-- skipped I-field: abc-charset utf-8
-- skipped header: (field X,222)


Polonäs_av_Forssén_f59468.abc
-- skipped I-field: abc-charset utf-8
-- skipped header: (field X,46)


Polonesse_in_G_Dur_no_16_ur_Anders_Larssons_notbok_c400c0.abc
-- skipped I-field: abc-charset utf-8
-- skipped header: (field X,18)


_Polonäs_sexdregasamlingen_del_1_nr_158_f9a440.abc
-- skipped I-field: abc-charset utf-8
-- skipped header: (field X,158)


Polonäs_i_A_efter_Johan_Eric_Blomgren_94a60f.abc
-- skipped I-field: abc-charset utf-8
-- skipped header: (field X,54)


_Polonäs_sexdregasamlingen_del_2_nr_119_5faa95.abc
-- skipped I-field: abc-charset utf-8
-- skipped header: (field X,118)


Polonäs_i_Dm_efter_Daniel_Danielsson_2bd093.abc
-- skipped I-field: abc-charset utf-8
-- skipped header: (field X,22)


Pollonesse_183216_28c0df.abc
-- skipped I-field: abc-charset utf-8
-- skipped header: (field X,16)


_Polska_efter_Gustav_Strutz_5b7324.abc
-- skipped I-field: abc-charset utf-8
-- skipped header: (field X,1)


Polska_efter_Karl_Andersson_Sv_L_Sm_19_3027ba.abc
-- skipped I-field: abc-charset utf-8
-- skipped header: (field X,19)


Pollonesse_183255_6103d2.abc
-- skipped I-field: abc-charset utf-8
-- skipped header: (field X,55)


Polonesse_in_A_Dur_No_2_6cd304.abc
-- skipped I-field: abc-charset utf-8
-- skipped header: (field X,62)


Pollonesse_183208_7b42e6.abc
-- skipped I-field: abc-charset utf-8
-- skipped header: (field X,8)


_Polonäs_ur_Andreas_Dahlgrens_notbok_nr_63_cd01b5.abc
-- skipped I-field: abc-charset utf-8
-- skipped header: (field X,63)


Polonäs_ur_Gustav_Landins_notbok_nr_14_d723be.abc
-- skipped I-field: abc-charset utf-8
-- skipped header: (field X,14)


Glada_Ryd_1cb655.abc
-- skipped I-field: abc-charset utf-8
-- skipped header: (field X,1)


_Polonäs_ur_Andreas_Dahlgrens_notbok_nr_68_515d38.abc
-- skipped I-field: abc-charset utf-8
-- skipped header: (field X,68)


Hör_du_lilla_såta_hvarför_skall_du_gråta_f10dc7.abc
-- skipped I-field: abc-charset utf-8
-- skipped header: (field X,321)


Polonesse_in_D_Dur_No_38_09d641.abc
-- skipped I-field: abc-charset utf-8
-- skipped header: (field X,52)


Polonäs_efter_Andreas_Grevelius_nr_18_690f3a.abc
-- skipped I-field: abc-charset utf-8
-- skipped header: (field X,18)


Polonäs_ur_NilsJohan_Nybergs_notbok_d3aba8.abc
-- skipped I-field: abc-charset utf-8
-- skipped header: (field X,5)


Polska_d10d31.abc
-- skipped I-field: abc-charset utf-8
-- skipped header: (field X,1241)


Polonäs_sexdregasamlingen_del_2_nr_80_ed87de.abc
-- skipped I-field: abc-charset utf-8
-- skipped header: (field X,80)


_Polska_Kringellåt_efter_Snickar_Erik_13e2a2.abc
-- skipped I-field: abc-charset utf-8
-- skipped header: (field X,495)


Polonäs_c4b3ff.abc
-- skipped I-field: abc-charset utf-8
-- skipped header: (field X,93)


Polska_i_Dm_ur_Pontus_Schwalbes_notbok_b74009.abc
-- skipped I-field: abc-charset utf-8
-- skipped header: (field X,39)


_Polonäs_sexdregasamlingen_del_2_nr_57_c78b39.abc
-- skipped I-field: abc-charset utf-8
-- skipped header: (field X,57)


Polonäs_i_Gm_efter_Baumgarten_e8ce25.abc
-- skipped I-field: abc-charset utf-8
-- skipped header: (field X,91)


Ridmarsch_efter_ByssKalle_428d28.abc
-- skipped I-field: abc-charset utf-8
-- skipped header: (field X,37)


Polska_efter_Anders_Gustaf_Andersson_229504.abc
-- skipped I-field: abc-charset utf-8
-- skipped header: (field X,659)


Polonäs_efter_Klöfving_b0a52f.abc
-- skipped I-field: abc-charset utf-8
-- skipped header: (field X,1)


_Polonäs_sexdregasamlingen_del_1_nr_16_91015c.abc
-- skipped I-field: abc-charset utf-8
-- skipped header: (field X,16)


_Polonäs_sexdregasamlingen_del_2_nr_78_5bca2c.abc
-- skipped I-field: abc-charset utf-8
-- skipped header: (field X,78)


Polska_efter_Bengt_Håkansson_b405db.abc
-- skipped I-field: abc-charset utf-8
-- skipped header: (field X,309)


Polska_efter_Anders_Gustaf_Andersson_057f04.abc
-- skipped I-field: abc-charset utf-8
-- skipped header: (field X,641)


Polska_ur_kantor_P_A_Isséns_samling_f1d0d4.abc
-- skipped I-field: abc-charset utf-8
-- skipped header: (field X,66)


_Ack_om_den_lilla_vännen_komme_slängpolska_e45976.abc
-- skipped I-field: abc-charset utf-8
-- skipped header: (field X,41)


Pollonesse_ur_Andreas_Dahlgrens_notbok_no_11_940fe2.abc
-- skipped I-field: abc-charset utf-8
-- skipped header: (field X,11)


Polonäs_ef3c04.abc
-- skipped I-field: abc-charset utf-8
-- skipped header: (field X,35)


Pollonesse_183260_23ed36.abc
-- skipped I-field: abc-charset utf-8
-- skipped header: (field X,60)


_Polonäs_sexdregasamlingen_del_2_nr_38_b0dca8.abc
-- skipped I-field: abc-charset utf-8
-- skipped header: (field X,38)


_Polonesse_in_F_Dur_no_9_ur_Anders_Larssons_notbok_3196ae.abc
-- skipped I-field: abc-charset utf-8
-- skipped header: (field X,86)


Polonäs_efter_Rondahl_i_D__Bröllopspolska_63bc14.abc
-- skipped I-field: abc-charset utf-8
-- skipped header: (field X,41)


_Polonesse_in_E_moll_no_2__9c5519.abc
-- skipped I-field: abc-charset utf-8
-- skipped header: (field X,113)


Polonäs_i_Gm_efter_Baumgarten_e55a9b.abc
-- skipped I-field: abc-charset utf-8
-- skipped header: (field X,90)


Polonäs_1b1fc3.abc
-- skipped I-field: abc-charset utf-8
-- skipped header: (field X,179)


_Polonäs_sexdregasamlingen_del_1_nr_18_e425ea.abc
-- skipped I-field: abc-charset utf-8
-- skipped header: (field X,18)


_Polonäs_ur_Andreas_Dahlgrens_notbok_nr_26_7e9b1b.abc
-- skipped I-field: abc-charset utf-8
-- skipped header: (field X,26)


Polonesse_ur_Hans_Nielsen_Balteruds_notbok_8c32cc.abc
-- skipped I-field: abc-charset utf-8
-- skipped header: (field X,5)


Polska_af_Hagbyen_af_Etelhem_socken_å_Gotland_50736e.abc
-- skipped I-field: abc-charset utf-8
-- skipped header: (field X,78)


Polonäs_9ddddb.abc
-- skipped I-field: abc-charset utf-8
-- skipped header: (field X,8)


Polonäs_efter_Rondahl_i_G_f0dcd6.abc
-- skipped I-field: abc-charset utf-8
-- skipped header: (field X,55)


Polonäs_i_DDm_efter_Ruben_Thollin__8db463.abc
-- skipped I-field: abc-charset utf-8
-- skipped header: (field X,10)


_Polska_efter_ByssKalle_nr_15_a7805e.abc
-- skipped I-field: abc-charset utf-8
-- skipped header: (field X,15)


Polska_efter_Anders_Gustaf_Andersson_eb66bb.abc
-- skipped I-field: abc-charset utf-8
-- skipped header: (field X,642)


_Polonäs_sexdregasamlingen_del_1_nr_154_25d7a2.abc
-- skipped I-field: abc-charset utf-8
-- skipped header: (field X,154)


Polonäs_efter_Rondahl_i_G__Fru_Häggs_polska_e3a874.abc
-- skipped I-field: abc-charset utf-8
-- skipped header: (field X,56)


_Polonäs_sexdregasamlingen_del_2_nr_77_9fd8bd.abc
-- skipped I-field: abc-charset utf-8
-- skipped header: (field X,77)


_Polska_efter_Petter_Dufva_75c046.abc
-- skipped I-field: abc-charset utf-8
-- skipped header: (field X,171)


Polonesse_in_B_Dur_e80987.abc
-- skipped I-field: abc-charset utf-8
-- skipped header: (field X,119)


Polonesse_in_G_Dur_no_19_ur_Anders_Larssons_notbok_b9f251.abc
-- skipped I-field: abc-charset utf-8
-- skipped header: (field X,21)


_Polonesse_in_D_moll_no_2_ur_Anders_Larssons_notbok_576480.abc
-- skipped I-field: abc-charset utf-8
-- skipped header: (field X,91)


_Polonäs_sexdregasamlingen_del_1_nr_130__del_3_nr_7__0d10ac.abc
-- skipped I-field: abc-charset utf-8
-- skipped header: (field X,130)


Pollonesse_183207_14fe10.abc
-- skipped I-field: abc-charset utf-8
-- skipped header: (field X,7)


Polonäs_i_Am_efter_Johan_Eric_Blomgren_6da07c.abc
-- skipped I-field: abc-charset utf-8
-- skipped header: (field X,20)


Polonoise_92b598.abc
**misplaced symbol: /
 D,2|G,2G,,2B,,2|C,2D,2D,,2|G,2G,,4:: d:/"6""#"|//"6"|"6;5""6;4""5;#" G,A, B,2G,
----------------------------------------^
**misplaced symbol: /
G,,2B,,2|C,2D,2D,,2|G,2G,,4:: d:/"6""#"|//"6"|"6;5""6;4""5;#" G,A, B,2G,2|C2E,2F
----------------------------------------^
**misplaced symbol: /
,,2B,,2|C,2D,2D,,2|G,2G,,4:: d:/"6""#"|//"6"|"6;5""6;4""5;#" G,A, B,2G,2|C2E,2F,
----------------------------------------^
**misplaced symbol: /
B,2G,2|C2E,2F,2|B,2B,,2B,2|C,2E,2F,2| d://"6"/|/"6""3"|///|/"6"/| G,2B,,2D,2|G,2
----------------------------------------^
**misplaced symbol: /
,2G,2|C2E,2F,2|B,2B,,2B,2|C,2E,2F,2| d://"6"/|/"6""3"|///|/"6"/| G,2B,,2D,2|G,2G
----------------------------------------^
**misplaced symbol: /
2|C2E,2F,2|B,2B,,2B,2|C,2E,2F,2| d://"6"/|/"6""3"|///|/"6"/| G,2B,,2D,2|G,2G,,2B
----------------------------------------^
**misplaced symbol: /
C2E,2F,2|B,2B,,2B,2|C,2E,2F,2| d://"6"/|/"6""3"|///|/"6"/| G,2B,,2D,2|G,2G,,2B,,
----------------------------------------^
**misplaced symbol: /
|B,2B,,2B,2|C,2E,2F,2| d://"6"/|/"6""3"|///|/"6"/| G,2B,,2D,2|G,2G,,2B,,2|C,2D,2
----------------------------------------^
**misplaced symbol: /
B,2B,,2B,2|C,2E,2F,2| d://"6"/|/"6""3"|///|/"6"/| G,2B,,2D,2|G,2G,,2B,,2|C,2D,2D
----------------------------------------^
**misplaced symbol: /
,2B,,2B,2|C,2E,2F,2| d://"6"/|/"6""3"|///|/"6"/| G,2B,,2D,2|G,2G,,2B,,2|C,2D,2D,
----------------------------------------^
**misplaced symbol: /
B,,2B,2|C,2E,2F,2| d://"6"/|/"6""3"|///|/"6"/| G,2B,,2D,2|G,2G,,2B,,2|C,2D,2D,,2
----------------------------------------^
**misplaced symbol: /
B,2|C,2E,2F,2| d://"6"/|/"6""3"|///|/"6"/| G,2B,,2D,2|G,2G,,2B,,2|C,2D,2D,,2|G,2
----------------------------------------^
**misplaced symbol: /
2D,2|G,2G,,2B,,2|C,2D,2D,,2|G,2G,,4:| d:/"6""#"|//"6"|"6;5""6;4""#;5"| [I:MIDI c
----------------------------------------^
**misplaced symbol: /
G,,2B,,2|C,2D,2D,,2|G,2G,,4:| d:/"6""#"|//"6"|"6;5""6;4""#;5"| [I:MIDI control 7
----------------------------------------^
**misplaced symbol: /
,,2B,,2|C,2D,2D,,2|G,2G,,4:| d:/"6""#"|//"6"|"6;5""6;4""#;5"| [I:MIDI control 7 
----------------------------------------^
-- skipped I-field: abc-charset utf-8
-- skipped header: (field X,1)


Polonäs_ur_Andreas_Dahlgrens_notbok_nr_53_e5bbfe.abc
-- skipped I-field: abc-charset utf-8
-- skipped header: (field X,53)


_Polska_efter_Hillevi_Öberg_c8177e.abc
-- skipped I-field: abc-charset utf-8
-- skipped header: (field X,1241)


_Polonäs_sexdregasamlingen_del_2_nr_1_dbd622.abc
-- skipped I-field: abc-charset utf-8
-- skipped header: (field X,1)


_Polonäs_sexdregasamlingen_del_1_nr_16_f74392.abc
-- skipped I-field: abc-charset utf-8
-- skipped header: (field X,16)


_Polonäs_ur_Andreas_Dahlgrens_notbok_nr_18_d160cf.abc
-- skipped I-field: abc-charset utf-8
-- skipped header: (field X,18)


_Polonäs_ur_Andreas_Dahlgrens_notbok_nr_71_3fac52.abc
-- skipped I-field: abc-charset utf-8
-- skipped header: (field X,71)


Polonäs_efter_Sam_Wåhlberg_4a9dd8.abc
-- skipped I-field: abc-charset utf-8
-- skipped header: (field X,59)


Polonäs_efter_Gustaf_Weslien_6a4e6f.abc
-- skipped I-field: abc-charset utf-8
-- skipped header: (field X,19)
-- skipped I-field: graceslurs 0


Pollonesse_183246_17ff05.abc
-- skipped I-field: abc-charset utf-8
-- skipped header: (field X,46)


Pollonesse_183251_c23962.abc
-- skipped I-field: abc-charset utf-8
-- skipped header: (field X,51)


Polonesse_in_G_Dur_no_10_ur_Anders_Larssons_notbok_242fbc.abc
-- skipped I-field: abc-charset utf-8
-- skipped header: (field X,12)


Polska_efter_Wesslén__d6fe3a.abc
-- skipped I-field: abc-charset utf-8
-- skipped header: (field X,49)


_Polonesse_in_G_Dur_no_12_ur_Anders_Larssons_notbok_e3c5b0.abc
-- skipped I-field: abc-charset utf-8
-- skipped header: (field X,14)


Polonäs_efter_Gustaf_Weslien_ff8993.abc
-- skipped I-field: abc-charset utf-8
-- skipped header: (field X,30)


Polonäs_efter_Andreas_Grevelius_nr_78_e47e5a.abc
-- skipped I-field: abc-charset utf-8
-- skipped header: (field X,78)


Polska_ur_kantor_P_A_Isséns_samling_0514fe.abc
-- skipped I-field: abc-charset utf-8
-- skipped header: (field X,67)


Pollonesse_183227_7f7f8e.abc
-- skipped I-field: abc-charset utf-8
-- skipped header: (field X,27)


Polonäs_e9d136.abc
-- skipped I-field: abc-charset utf-8
-- skipped header: (field X,6)


_Polska_ur_Sven_Donats_notbok_Ma584_3df506.abc
-- skipped I-field: abc-charset utf-8
-- skipped header: (field X,84)


Polska_efter_Johan_Lundin_cfd459.abc
-- skipped I-field: abc-charset utf-8
-- skipped header: (field X,1)


_Polonesse_in_A_Moll_no_2_ur_Anders_Larssons_notbok_c58431.abc
-- skipped I-field: abc-charset utf-8
-- skipped header: (field X,106)


_Polonäs_sexdregasamlingen_del_1_nr_104_ed309f.abc
-- skipped I-field: abc-charset utf-8
-- skipped header: (field X,104)


Polonäs_07bb09.abc
-- skipped I-field: abc-charset utf-8
-- skipped header: (field X,199)


Polonäs_a39d56.abc
-- skipped I-field: abc-charset utf-8
-- skipped header: (field X,49)
-- not a valid staff redirection: staffbreak


_Polonesse_in_D_Dur_no_35_ur_Anders_Larssons_notbok_96f6a7.abc
-- skipped I-field: abc-charset utf-8
-- skipped header: (field X,49)


_Polska_efter_ByssKalle_nr_6_e7faa3.abc
-- skipped I-field: abc-charset utf-8
-- skipped header: (field X,6)


Polonäs_i_Gm_efter_Jean_E_Blomgren_8f361f.abc
-- skipped I-field: abc-charset utf-8
-- skipped header: (field X,11)


Pollonesse_ur_Andreas_Dahlgrens_notbok_nr_25_0b522c.abc
-- skipped I-field: abc-charset utf-8
-- skipped header: (field X,25)


Polonäs_28d9ad.abc
-- skipped I-field: abc-charset utf-8
-- skipped header: (field X,195)


Polska_efter_Wesslén_ce0449.abc
-- skipped I-field: abc-charset utf-8
-- skipped header: (field X,100)
-- skipped I-field: linebreak $


Polonesse_in_A_Dur_No_9_f45d1d.abc
-- skipped I-field: abc-charset utf-8
-- skipped header: (field X,69)


Pollonesse_183231_54a1b9.abc
-- skipped I-field: abc-charset utf-8
-- skipped header: (field X,31)


_Polonäs_sexdregasamlingen_del_1_nr_124_aa665f.abc
-- skipped I-field: abc-charset utf-8
-- skipped header: (field X,124)


Polonäs_i_G_efter_Jean_E_Blomgren_282b9e.abc
-- skipped I-field: abc-charset utf-8
-- skipped header: (field X,11)


_Polska_efter_Robert_Landin_cd0c12.abc
-- skipped I-field: abc-charset utf-8
-- skipped header: (field X,1)


Polonäs_495fe7.abc
-- skipped I-field: abc-charset utf-8
-- skipped header: (field X,201)


Polonäs_efter_Gustaf_Weslien_f784e4.abc
-- skipped I-field: abc-charset utf-8
-- skipped header: (field X,29)
-- skipped I-field: graceslurs 0


Polonoise_No_30_ur_Stakels_notsamling_90c44f.abc
-- skipped I-field: abc-charset utf-8
-- skipped header: (field X,1)


Polska_efter_Ida_i_Rye_4b4d84.abc
-- skipped I-field: abc-charset utf-8
-- skipped header: (field X,49)
-- unhandled note decorations: ['fz']
-- unhandled note decorations: ['fz']
-- unhandled note decorations: ['fz']
-- unhandled note decorations: ['fz']


Slängpolska_från_Torna_Hällestad_d2f7e4.abc
-- skipped I-field: abc-charset utf-8
-- skipped header: (field X,1)


Pollonesse_183259_eca7f2.abc
-- skipped I-field: abc-charset utf-8
-- skipped header: (field X,59)


Polonäs_i_Dm_efter_Johan_Eric_Blomgren_fe46e9.abc
-- skipped I-field: abc-charset utf-8
-- skipped header: (field X,369)


_Polonäs_sexdregasamlingen_del_2_nr_24_a333fe.abc
-- skipped I-field: abc-charset utf-8
-- skipped header: (field X,24)


_Polonäs_sexdregasamlingen_del_2_nr_88_aef934.abc
-- skipped I-field: abc-charset utf-8
-- skipped header: (field X,88)


Näckapolska_efter_Anders_Bredal_c55b3d.abc
-- skipped I-field: abc-charset utf-8
-- skipped header: (field X,1)
-- not a valid staff redirection: staffbreak


Polonesse_in_A_Moll_no_4_ur_Anders_Larssons_notbok_900ea5.abc
-- skipped I-field: abc-charset utf-8
-- skipped header: (field X,108)


Slängpolska_efter_Jöns_Persson_175554.abc
-- skipped I-field: abc-charset utf-8
-- skipped header: (field X,76)


Polonesse_in_D_Måll_No_2_Compo_af_Olof_Styrlander_b82ca3.abc
-- skipped I-field: abc-charset utf-8
-- skipped header: (field X,72)


Polonäs_ur_Erland_Hanssons_notbok_e996c7.abc
-- skipped I-field: abc-charset utf-8
-- skipped header: (field X,133)


_Polska_efter_Mårten_Blank_och_hans_son_Erik_161654.abc
-- skipped I-field: abc-charset utf-8
-- skipped header: (field X,1)


Pollonesse_ur_Andreas_Dahlgrens_notbok_no_56_ecb57d.abc
-- skipped I-field: abc-charset utf-8
-- skipped header: (field X,56)


Magdalenapolskan_efter_Carl_Gustav_Åstrand_db2b06.abc
-- skipped I-field: abc-charset utf-8
-- skipped header: (field X,1)


_Polska_efter_systrarna_Forsströmsson_db7591.abc
-- skipped I-field: abc-charset utf-8
-- skipped header: (field X,1)


Polonäs_ur_Andreas_Dahlgrens_notbok_nr_1_b129a2.abc
-- skipped I-field: abc-charset utf-8
-- skipped header: (field X,1)


Polska_efter_Erland_Hansson_f937d9.abc
-- skipped I-field: abc-charset utf-8
-- skipped header: (field X,1)


_Polonäs_sexdregasamlingen_del_1_nr_96_7eecf4.abc
-- skipped I-field: abc-charset utf-8
-- skipped header: (field X,96)


Pollonesse_183214_20959a.abc
-- skipped I-field: abc-charset utf-8
-- skipped header: (field X,14)


_Polonesse_in_D_Dur_no_22_ur_Anders_Larssons_notbok_41f1bf.abc
-- skipped I-field: abc-charset utf-8
-- skipped header: (field X,36)


Pollonesse_ur_Andreas_Dahlgrens_notbok_nr_47_d1b389.abc
-- skipped I-field: abc-charset utf-8
-- skipped header: (field X,47)


Slängpolska_efter_Olof_Larsson_2f914f.abc
-- skipped I-field: abc-charset utf-8
-- skipped header: (field X,1)
-- illegal unit length:1/, 1/8 assumed


Polska_från_Brotorp_d795cd.abc
-- skipped I-field: abc-charset utf-8
-- skipped header: (field X,1)


Polonäs_efter_Pehr_Andersson_Bild_31_nr_93_Dm_06fac4.abc
-- skipped I-field: abc-charset utf-8
-- skipped header: (field X,93)


Polonäs_efter_Sam_Wåhlberg_Gm_f73f36.abc
-- skipped I-field: abc-charset utf-8
-- skipped header: (field X,425)


Polonäs_ur_Lars_Larssons_notbok_i_Gm_f788c8.abc
-- skipped I-field: abc-charset utf-8
-- skipped header: (field X,109)


Polonäs_a1d1a8.abc
-- skipped I-field: abc-charset utf-8
-- skipped header: (field X,132)


Polonäs_i_G_efter_Jean_E_Blomgren_d0a8da.abc
-- skipped I-field: abc-charset utf-8
-- skipped header: (field X,17)


Pollonesse_183212_de27a4.abc
-- skipped I-field: abc-charset utf-8
-- skipped header: (field X,12)


60ae81952628613e03d563b0dae8bbc2.abc
-- skipped I-field: abc-charset utf-8
-- skipped header: (field X,31)


_Polska_från_Vetlanda_1d4454.abc
-- skipped I-field: abc-charset utf-8
-- skipped header: (field X,1)


Slängpolska_av_Carl_Viktor_Rulin_8f5827.abc
-- skipped I-field: abc-charset utf-8
-- skipped header: (field X,153)
-- skipped I-field: printtempo 0
-- tie between different pitches: A-1 converted to slur
-- tie between different pitches: D0 converted to slur
-- tie between different pitches: A0 converted to slur
-- tie between different pitches: g0 converted to slur
-- tie between different pitches: f0 converted to slur
-- tie between different pitches: A0 converted to slur
-- tie between different pitches: A-1 converted to slur
-- tie between different pitches: D0 converted to slur
-- tie between different pitches: A0 converted to slur
-- tie between different pitches: b0 converted to slur
-- tie between different pitches: a0 converted to slur
-- tie between different pitches: g0 converted to slur
-- tie between different pitches: c0 converted to slur
-- tie between different pitches: c0 converted to slur
-- tie between different pitches: G0 converted to slur
-- tie between different pitches: F0 converted to slur
-- tie between different pitches: f0 converted to slur
-- tie between different pitches: c0 converted to slur


Polska_från_Västergötland_4b64d8.abc
-- skipped I-field: abc-charset utf-8
-- skipped header: (field X,2)


Menuett_i_Gm_efter_Johan_Eric_Blomgren_2a2c94.abc
-- skipped I-field: abc-charset utf-8
-- skipped header: (field X,109)
-- skipped I-field: printtempo 0


Lackströms_Polska_87dd0f.abc
-- skipped I-field: abc-charset utf-8
-- skipped header: (field X,8)


Polska_från_Vrigstad_c46508.abc
-- skipped I-field: abc-charset utf-8
-- skipped header: (field X,1)


Pollonesse_183261_b882f7.abc
-- skipped I-field: abc-charset utf-8
-- skipped header: (field X,61)


Polska_efter_Johan_August_Ericsson_e2eb54.abc
-- skipped I-field: abc-charset utf-8
-- skipped header: (field X,50)


Polonäs_ur_NilsJohan_Nybergs_notbok_132d01.abc
-- skipped I-field: abc-charset utf-8
-- skipped header: (field X,14)


Polonäs_fb0f02.abc
-- skipped I-field: abc-charset utf-8
-- skipped header: (field X,23)


_Segebadens_polska_4bf5af.abc
-- skipped I-field: abc-charset utf-8
-- skipped header: (field X,1)


_Polonäs_ur_Andreas_Dahlgrens_notbok_nr_2_86cea1.abc
-- skipped I-field: abc-charset utf-8
-- skipped header: (field X,2)


Pollonesse_183257_0abdf9.abc
-- skipped I-field: abc-charset utf-8
-- skipped header: (field X,57)


Polonäs_efter_Andreas_Grevelius_nr_76_37a872.abc
-- skipped I-field: abc-charset utf-8
-- skipped header: (field X,205)


_Polonäs_ur_Andreas_Dahlgrens_notbok_nr_67_67b756.abc
-- skipped I-field: abc-charset utf-8
-- skipped header: (field X,67)


Slängpolska_från_England_78f69b.abc
-- skipped I-field: abc-charset utf-8
-- skipped header: (field X,1)


Polska_efter_Wesslén_fc5278.abc
-- skipped I-field: abc-charset utf-8
-- skipped header: (field X,100)


_Polonäs_ur_Andreas_Dahlgrens_notbok_nr_86_f6ff54.abc
-- skipped I-field: abc-charset utf-8
-- skipped header: (field X,86)


Vevliretvåan_148520.abc
-- skipped I-field: abc-charset utf-8
-- skipped header: (field X,103)


Polska_i_G_dur_efter_Alfred_Pettersson_Svl_292_626b41.abc
-- skipped I-field: abc-charset utf-8
-- skipped header: (field X,41)


_Polska_efter_JämtPelle_78a537.abc
-- skipped I-field: abc-charset utf-8
-- skipped header: (field X,1)


Polska_af_Böss_Calle__23075f.abc
-- skipped I-field: abc-charset utf-8
-- skipped header: (field X,43)


Polska_efter_Anders_Gustaf_Andersson_465c5a.abc
-- skipped I-field: abc-charset utf-8
-- skipped header: (field X,657)


Polonäs_i_Dm_efter_Daniel_Danielsson_c9e52a.abc
-- skipped I-field: abc-charset utf-8
-- skipped header: (field X,21)


_Polonäs_ur_Andreas_Dahlgrens_notbok_nr_75_d15c2b.abc
-- skipped I-field: abc-charset utf-8
-- skipped header: (field X,75)


Polska_efter_Johan_Lundin_07a32a.abc
-- skipped I-field: abc-charset utf-8
-- skipped header: (field X,1)


Polonäs_ur_Andreas_Dahlgrens_notbok_nr_62_0a2727.abc
-- skipped I-field: abc-charset utf-8
-- skipped header: (field X,62)


Polska_från_Vrigstad_034e2a.abc
-- skipped I-field: abc-charset utf-8
-- skipped header: (field X,1)


Pollonesse_183220_42e06f.abc
-- skipped I-field: abc-charset utf-8
-- skipped header: (field X,20)


Polonäs_ab479a.abc
-- skipped I-field: abc-charset utf-8
-- skipped header: (field X,65)
-- skipped I-field: tuplets 1 0 0


Polonäs_df6833.abc
-- skipped I-field: abc-charset utf-8
-- skipped header: (field X,46)


_Polonäs_sexdregasamlingen_del_2_nr_67_3e5678.abc
-- skipped I-field: abc-charset utf-8
-- skipped header: (field X,67)


_Forstälds_Polska_26c4d6.abc
-- skipped I-field: abc-charset utf-8
-- skipped header: (field X,115)


Polonäs_fd6cd9.abc
-- skipped I-field: abc-charset utf-8
-- skipped header: (field X,105)


Polonesse_in_G_Dur_no_18_ur_Anders_Larssons_notbok_1cda48.abc
-- skipped I-field: abc-charset utf-8
-- skipped header: (field X,20)


_Polonäs_sexdregasamlingen_del_1_nr_17_290bcb.abc
-- skipped I-field: abc-charset utf-8
-- skipped header: (field X,17)


Pollonesse_ur_Andreas_Dahlgrens_notbok_no_84_f2a90d.abc
-- skipped I-field: abc-charset utf-8
-- skipped header: (field X,84)
-- not a valid staff redirection: staffbreak


Polska_ur_Carl_Johan_Johanssons_notbok_dbb8bb.abc
-- skipped I-field: abc-charset utf-8
-- skipped header: (field X,79)


Pollonesse_183249_c40cdc.abc
-- skipped I-field: abc-charset utf-8
-- skipped header: (field X,49)


Polonesse_in_G_Dur_no_8_ur_Anders_Larssons_notbok_09edac.abc
-- skipped I-field: abc-charset utf-8
-- skipped header: (field X,10)


Polska_efter_Anders_Fredrik_Andersson_074d62.abc
-- skipped I-field: abc-charset utf-8
-- skipped header: (field X,1)
-- skipped I-field: printtempo 0
-- tie between different pitches: g0 converted to slur
-- tie between different pitches: g0 converted to slur


_Polonäs_efter_Abraham_Hagholm_nr_131__2cd74d.abc
-- skipped I-field: abc-charset utf-8
-- skipped header: (field X,1241)


Polonoise_ur_Johannes_Malkus_Petterssons_notbok_680107.abc
-- skipped I-field: abc-charset utf-8
-- skipped header: (field X,73)


_Polonäs_sexdregasamlingen_del_2_nr_45_e6efd8.abc
-- skipped I-field: abc-charset utf-8
-- skipped header: (field X,45)


Pollonesse_ur_Andreas_Dahlgrens_notbok_nr_46_6515fe.abc
-- skipped I-field: abc-charset utf-8
-- skipped header: (field X,46)


Pollonesse_ur_Andreas_Dahlgrens_notbok_nr_14_f4faf1.abc
-- skipped I-field: abc-charset utf-8
-- skipped header: (field X,14)


_Polonäs_sexdregasamlingen_del_3_nr_5__a87d42.abc
-- skipped I-field: abc-charset utf-8
-- skipped header: (field X,5)


_Slängpolska_efter_BörJohan_098134.abc
-- skipped I-field: abc-charset utf-8
-- skipped header: (field X,132)


Pollonesse_ur_Elias_Annells_notbok_721f04.abc
-- skipped I-field: abc-charset utf-8
-- skipped header: (field X,86)


_Polska_efter_Pelle_Fors_9bd620.abc
-- skipped I-field: abc-charset utf-8
-- skipped header: (field X,18)


_Polska_efter_August_Nyholm_Delsbo_48daf3.abc
-- skipped I-field: abc-charset utf-8
-- skipped header: (field X,255)


Polonäs_ur_Lars_Larssons_notbok_99e46c.abc
-- skipped I-field: abc-charset utf-8
-- skipped header: (field X,37)


_Polonäs_efter_Magnus_Theorin_1229a7.abc
-- skipped I-field: abc-charset utf-8
-- skipped header: (field X,1)


_Skåjare_Polskan_1053fd.abc
-- skipped I-field: abc-charset utf-8
-- skipped header: (field X,116)


Polonesse_in_A_Dur_No_10_0f8d72.abc
-- skipped I-field: abc-charset utf-8
-- skipped header: (field X,70)


_Polonesse_in_G_Dur_no_24_ur_Anders_Larssons_notbok_4dea52.abc
-- skipped I-field: abc-charset utf-8
-- skipped header: (field X,26)


Polonäs_i_Am_efter_Johan_Eric_Blomgren_ddd91c.abc
-- skipped I-field: abc-charset utf-8
-- skipped header: (field X,175)


_Polonäs_sexdregasamlingen_del_2_nr_81_c11a4b.abc
-- skipped I-field: abc-charset utf-8
-- skipped header: (field X,68)


Flickornas_Michaelidans_0ae676.abc
-- skipped I-field: abc-charset utf-8
-- skipped header: (field X,48)


Slängpolska_ur_Jeppa_Nilssons_notbok_85e6d7.abc
-- skipped I-field: abc-charset utf-8
-- skipped header: (field X,1)


_Polonäs_ur_Andreas_Dahlgrens_notbok_nr_60_12e5ef.abc
-- skipped I-field: abc-charset utf-8
-- skipped header: (field X,60)


Pollonesse_ur_Andreas_Dahlgrens_notbok_nr_19_7f2f91.abc
-- skipped I-field: abc-charset utf-8
-- skipped header: (field X,19)


Pollonesse_183225_4a8509.abc
-- skipped I-field: abc-charset utf-8
-- skipped header: (field X,25)


Pollonesse_183233_bcfc00.abc
-- skipped I-field: abc-charset utf-8
-- skipped header: (field X,33)


Polska_efter_ByssKalle_nr_42_3f261d.abc
-- skipped I-field: abc-charset utf-8
-- skipped header: (field X,42)


Polonäs_sexdregasamlingen_del_3_nr_1_d8c3dc.abc
-- skipped I-field: abc-charset utf-8
-- skipped header: (field X,1)


Polonesse_in_G_Dur_no_13_ur_Anders_Larssons_notbok_615715.abc
-- skipped I-field: abc-charset utf-8
-- skipped header: (field X,15)


_Polonäs_ur_Andreas_Dahlgrens_notbok_nr_4_3d9e9d.abc
-- skipped I-field: abc-charset utf-8
-- skipped header: (field X,4)


_Flickorna_dansar_på_tå__55aed9.abc
-- skipped I-field: abc-charset utf-8
-- skipped header: (field X,1241)


Polonäs_39e8b8.abc
-- skipped I-field: abc-charset utf-8
-- skipped header: (field X,135)


_Polska_efter_Gustav_Strutz_21bb05.abc
-- skipped I-field: abc-charset utf-8
-- skipped header: (field X,1)


a0e1af6a94ac4663c193e7d6d9818189.abc
-- skipped I-field: abc-charset utf-8
-- skipped header: (field X,1)


Polonäs_i_Gm_e85531.abc
-- skipped I-field: abc-charset utf-8
-- skipped header: (field X,34)


Helfvetets_trapper_ce62ce.abc
-- skipped I-field: abc-charset utf-8
-- skipped header: (field X,80)


Polonäs_0ca591.abc
-- skipped I-field: abc-charset utf-8
-- skipped header: (field X,48)


Polonäs_38a932.abc
-- skipped I-field: abc-charset utf-8
-- skipped header: (field X,38)


Polonäs_i_F_efter_Jean_E_Blomgren_7f81ba.abc
-- skipped I-field: abc-charset utf-8
-- skipped header: (field X,13)


Polska_från_Västergötland_ed9ac7.abc
-- skipped I-field: abc-charset utf-8
-- skipped header: (field X,2)


Dahl_polska_efter_Ola_Olsson_bf94a6.abc
-- skipped I-field: abc-charset utf-8
-- skipped header: (field X,1)
-- **illegal header field in body: R, content: Slängpolska
-- **illegal header field in body: N, content: Jfr med +


_Polska_efter_Petter_Dufva_820a4f.abc
-- skipped I-field: abc-charset utf-8
-- skipped header: (field X,37)


Polska_från_Östra_Ryd_c349f1.abc
-- skipped I-field: abc-charset utf-8
-- skipped header: (field X,1)


Polska_från_Vetlanda_656877.abc
-- skipped I-field: abc-charset utf-8
-- skipped header: (field X,32)


Polska_efter_Rondahl_i_A_85a926.abc
-- skipped I-field: abc-charset utf-8
-- skipped header: (field X,13)


Brännvinspolonäs_efter_Rondahl_i_C_f67b5f.abc
-- skipped I-field: abc-charset utf-8
-- skipped header: (field X,69)


Polonäs_sexdregasamlingen_del_3_nr_27_ff1c20.abc
-- skipped I-field: abc-charset utf-8
-- skipped header: (field X,27)


Polonäs_i_Dm_ur_Carl_Råmelius_notbok_47fa84.abc
-- skipped I-field: abc-charset utf-8
-- skipped header: (field X,1)
-- **illegal header field in body: Z, content: Nils L
-- **illegal header field in body: B, content: Carl Råmelius notbok (pdf) nr 56 sid 19


_Polonäs_sexdregasamlingen_del_2_nr_69_5553e5.abc
-- skipped I-field: abc-charset utf-8
-- skipped header: (field X,69)


_Polonäs_ur_Andreas_Dahlgrens_notbok_nr_7_d79371.abc
-- skipped I-field: abc-charset utf-8
-- skipped header: (field X,7)


Polonäs_i_Dm_efter_Ruben_Thollin__0559e9.abc
-- skipped I-field: abc-charset utf-8
-- skipped header: (field X,116)


Polonäs_i_Dm_efter_Daniel_Danielsson_0962ad.abc
-- skipped I-field: abc-charset utf-8
-- skipped header: (field X,25)


Polonesse_in_G_Dur_no_22_ur_Anders_Larssons_notbok_392104.abc
-- skipped I-field: abc-charset utf-8
-- skipped header: (field X,24)


9283067d35d8ccf26bfcaa6876170ab2.abc
-- skipped I-field: abc-charset utf-8
-- skipped header: (field X,18)


_Polonäs_ur_Andreas_Dahlgrens_notbok_nr_35_5f4c45.abc
-- skipped I-field: abc-charset utf-8
-- skipped header: (field X,35)


Polonäs_i_Gm_95f90c.abc
-- skipped I-field: abc-charset utf-8
-- skipped header: (field X,35)


Polonesse_in_A_Dur_No_5_63fd7d.abc
-- skipped I-field: abc-charset utf-8
-- skipped header: (field X,65)


Polonäs_ef2d61.abc
-- skipped I-field: abc-charset utf-8
-- skipped header: (field X,18)


Ninas_slängpolska_316123.abc
-- skipped I-field: abc-charset utf-8
-- skipped header: (field X,1)


Polonäs_dd1c8e.abc
-- skipped I-field: abc-charset utf-8
-- skipped header: (field X,40)


Polska_efter_Anders_Gustaf_Andersson_0ac736.abc
-- skipped I-field: abc-charset utf-8
-- skipped header: (field X,649)


Pollonesse_ur_Andreas_Dahlgrens_notbok_nr_15_b3ef5f.abc
-- skipped I-field: abc-charset utf-8
-- skipped header: (field X,15)


_Polska_ur_Trästadssamlingen_f2c069.abc
-- skipped I-field: abc-charset utf-8
-- skipped header: (field X,164)


_Polska_från_Vetlanda_4452ca.abc
-- skipped I-field: abc-charset utf-8
-- skipped header: (field X,20)


Polska_i_Amoll_5abbb6.abc
-- skipped I-field: abc-charset utf-8
-- skipped header: (field X,1)


Polonäs_32c37e.abc
-- skipped I-field: abc-charset utf-8
-- skipped header: (field X,41)


Polska_efter_Wesslén_7ed2a0.abc
-- skipped I-field: abc-charset utf-8
-- skipped header: (field X,100)


_Polonäs_sexdregasamlingen_del_2_nr_39_03ad43.abc
-- skipped I-field: abc-charset utf-8
-- skipped header: (field X,39)


Polonesse_in_A_Dur_No_4_cc831f.abc
-- skipped I-field: abc-charset utf-8
-- skipped header: (field X,64)


_Polonäs_sexdregasamlingen_del_2_nr_115_d4f23b.abc
-- skipped I-field: abc-charset utf-8
-- skipped header: (field X,115)


Polonäs_efter_Gustaf_Weslien_b4d13d.abc
-- skipped I-field: abc-charset utf-8
-- skipped header: (field X,42)


Pollonesse_183218_09096d.abc
-- skipped I-field: abc-charset utf-8
-- skipped header: (field X,18)


Polonäs_i_Gm_efter_Johan_Eric_Blomgren_f18df1.abc
-- skipped I-field: abc-charset utf-8
-- skipped header: (field X,10)


Pollonesse_183247_b51235.abc
-- skipped I-field: abc-charset utf-8
-- skipped header: (field X,47)


Ninas_slängpolska_20240b.abc
-- skipped I-field: abc-charset utf-8
-- skipped header: (field X,1)


_Polonäs_sexdregasamlingen_del_2_nr_1_69278c.abc
-- skipped I-field: abc-charset utf-8
-- skipped header: (field X,1)


_Polska_från_Vrankunge_d7c8d9.abc
-- skipped I-field: abc-charset utf-8
-- skipped header: (field X,18)


Polonäs_efter_Pehr_Andersson_Bild_20_nr_56_20b592.abc
-- skipped I-field: abc-charset utf-8
-- skipped header: (field X,56)


Polonäs_efter_Gustaf_Weslien_2981d4.abc
-- skipped I-field: abc-charset utf-8
-- skipped header: (field X,37)


Polska_efter_Wesslén_28eb34.abc
-- skipped I-field: abc-charset utf-8
-- skipped header: (field X,100)


Poloness_nr_93_efter_Gustaf_Blidström_70a0a1.abc
-- skipped I-field: abc-charset utf-8
-- skipped header: (field X,93)


Polonäs_7982b4.abc
-- skipped I-field: abc-charset utf-8
-- skipped header: (field X,139)


Pollonesse_ur_Andreas_Dahlgrens_notbok_no_69_62fc00.abc
-- skipped I-field: abc-charset utf-8
-- skipped header: (field X,69)


_Polska_efter_ByssKalle_nr_41_9d34e1.abc
-- skipped I-field: abc-charset utf-8
-- skipped header: (field X,41)


Polonäs_i_Bb_efter_Johan_Eric_Blomgren_44e150.abc
-- skipped I-field: abc-charset utf-8
-- skipped header: (field X,5)


_Polska_ur_E_L_Lindblads_notbok_3eae12.abc
-- skipped I-field: abc-charset utf-8
-- skipped header: (field X,28)


_Polska_efter_Olof_Nordblad_690833.abc
-- skipped I-field: abc-charset utf-8
-- skipped header: (field X,1)


_Polonäs_sexdregasamlingen_del_1_nr_44_4a1f35.abc
-- skipped I-field: abc-charset utf-8
-- skipped header: (field X,44)


Polonäs_i_Dm_efter_Daniel_Danielsson_195a42.abc
-- skipped I-field: abc-charset utf-8
-- skipped header: (field X,20)


_Polonäs_sexdregasamlingen_del_3_nr_4_1a99d7.abc
-- skipped I-field: abc-charset utf-8
-- skipped header: (field X,4)


Poloness__5ab3e9.abc
-- skipped I-field: abc-charset utf-8
-- skipped header: (field X,24)


Polonäs_e98a1f.abc
-- skipped I-field: abc-charset utf-8
-- skipped header: (field X,29)


_Polonäs_efter_Johan_August_Ericsson_3742eb.abc
-- skipped I-field: abc-charset utf-8
-- skipped header: (field X,47)


Pollonesse_183211_f62f63.abc
-- skipped I-field: abc-charset utf-8
-- skipped header: (field X,11)


Polonesse_in_G_Dur_no_14_ur_Anders_Larssons_notbok_6634ac.abc
-- skipped I-field: abc-charset utf-8
-- skipped header: (field X,16)


Polonäs_e47024.abc
-- skipped I-field: abc-charset utf-8
-- skipped header: (field X,158)


Polonäs_i_C_efter_Johan_Eric_Blomgren_61e3af.abc
-- skipped I-field: abc-charset utf-8
-- skipped header: (field X,319)


Pollonesse_183228_24e1d5.abc
-- skipped I-field: abc-charset utf-8
-- skipped header: (field X,28)


Pollonesse_ur_Andreas_Dahlgrens_notbok_no_70_318d5a.abc
-- skipped I-field: abc-charset utf-8
-- skipped header: (field X,70)


Polonäs_i_D_efter_Ruben_Thollin__6fabaa.abc
-- skipped I-field: abc-charset utf-8
-- skipped header: (field X,10)


Polska_ur_Trästadssamlingen_9496e6.abc
-- skipped I-field: abc-charset utf-8
-- skipped header: (field X,103)


_Fingertarmen_polska_efter_ByssKalle_nr_46_b824bf.abc
-- skipped I-field: abc-charset utf-8
-- skipped header: (field X,46)


Polonesse_in_G_Dur_no_3_ur_Anders_Larssons_notbok_276cb6.abc
-- skipped I-field: abc-charset utf-8
-- skipped header: (field X,5)


Polonäs_i_Gm_efter_Jean_E_Blomgren_920035.abc
-- skipped I-field: abc-charset utf-8
-- skipped header: (field X,10)


Polonäs_f1b5c8.abc
-- skipped I-field: abc-charset utf-8
-- skipped header: (field X,104)


_Polonäs_sexdregasamlingen_del_2_nr_84_f40925.abc
-- skipped I-field: abc-charset utf-8
-- skipped header: (field X,84)


Polonäs_ur_Lars_Larssons_notbok_i_Gm_4cef2e.abc
-- skipped I-field: abc-charset utf-8
-- skipped header: (field X,80)


Pollonesse_ur_Andreas_Dahlgrens_notbok_no_12_c058ad.abc
-- skipped I-field: abc-charset utf-8
-- skipped header: (field X,12)


Pollonesse_183248_273ebe.abc
-- skipped I-field: abc-charset utf-8
-- skipped header: (field X,48)


Pollonesse_183224_d3aca3.abc
-- skipped I-field: abc-charset utf-8
-- skipped header: (field X,24)


Polonesse_in_G_Dur_no_21_ur_Anders_Larssons_notbok_903fde.abc
-- skipped I-field: abc-charset utf-8
-- skipped header: (field X,23)


Slängpolska_efter_AG_Andersson_24d50d.abc
-- skipped I-field: abc-charset utf-8
-- skipped header: (field X,1)


_Polonäs_sexdregasamlingen_del_3_nr_26_6ab18a.abc
-- skipped I-field: abc-charset utf-8
-- skipped header: (field X,26)


Polska_efter_Anders_Gustaf_Andersson_a6976d.abc
-- skipped I-field: abc-charset utf-8
-- skipped header: (field X,650)


Pollonesse_183252_fc7514.abc
-- skipped I-field: abc-charset utf-8
-- skipped header: (field X,52)


Polonäs_d9343d.abc
-- skipped I-field: abc-charset utf-8
-- skipped header: (field X,193)


Polonäs_i_Dm_efter_Jean_E_Blomgren_ef5e22.abc
-- skipped I-field: abc-charset utf-8
-- skipped header: (field X,19)


_Polska_efter_ByssKalle_nr_17_65dd9a.abc
-- skipped I-field: abc-charset utf-8
-- skipped header: (field X,17)


_Polonäs_sexdregasamlingen_del_2_nr_56_fc5fee.abc
-- skipped I-field: abc-charset utf-8
-- skipped header: (field X,56)


Polonäs_ur_Lars_Larssons_notbok_2a67f3.abc
-- skipped I-field: abc-charset utf-8
-- skipped header: (field X,36)


8c6965e3c831e8cb769e578423c12d1e.abc
-- skipped I-field: abc-charset utf-8
-- skipped header: (field X,228)


_Polonäs_sexdregasamlingen_del_1_nr_145_84412a.abc
-- skipped I-field: abc-charset utf-8
-- skipped header: (field X,145)


Östgötasverpen_83557c.abc
-- skipped I-field: abc-charset utf-8
-- skipped header: (field X,1)


_Slängpolska_från_Bohuslän_a9d560.abc
-- skipped I-field: abc-charset utf-8
-- skipped header: (field X,1)


_Polska_från_Vetlanda_b9ef1c.abc
-- skipped I-field: abc-charset utf-8
-- skipped header: (field X,1)


Slängpolska_efter_Magnus_Justus_Trolle_627ac5.abc
-- skipped I-field: abc-charset utf-8
-- skipped header: (field X,55)


_Polonäs_sexdregasamlingen_del_2_nr_76_509d55.abc
-- skipped I-field: abc-charset utf-8
-- skipped header: (field X,76)


Pollonesse_ur_Andreas_Dahlgrens_notbok_nr_45_8e189b.abc
-- skipped I-field: abc-charset utf-8
-- skipped header: (field X,45)


Polonäs_efter_Rondahl_i_D_b7abb0.abc
-- skipped I-field: abc-charset utf-8
-- skipped header: (field X,25)


Polonäs_i_Am_ur_NilsJohan_Nybergs_notbok_0cd8bd.abc
-- skipped I-field: abc-charset utf-8
-- skipped header: (field X,48)


_Polonäs_sexdregasamlingen_del_2_nr_46_e2ddc2.abc
-- skipped I-field: abc-charset utf-8
-- skipped header: (field X,46)


Polska_efter_Magnus_Theorin_260_26890b.abc
-- skipped I-field: abc-charset utf-8
-- skipped header: (field X,260)


Polonäs_efter_Pehr_Andersson_Bild_31_nr_92_e48cef.abc
-- skipped I-field: abc-charset utf-8
-- skipped header: (field X,92)


_Polonäs_sexdregasamlingen_del_2_nr_43_955a6b.abc
-- skipped I-field: abc-charset utf-8
-- skipped header: (field X,43)


Polska_efter_Wesslén_df2320.abc
-- skipped I-field: abc-charset utf-8
-- skipped header: (field X,100)


_Slängpolska_efter_Futteri_Petter_5c2b66.abc
-- skipped I-field: abc-charset utf-8
-- skipped header: (field X,72)


Pollonesse_183215_0d6fcb.abc
-- skipped I-field: abc-charset utf-8
-- skipped header: (field X,15)


Polonäs_8bf2ac.abc
-- skipped I-field: abc-charset utf-8
-- skipped header: (field X,125)


_Polska_efter_John_Johansson_128fe8.abc
-- skipped I-field: abc-charset utf-8
-- skipped header: (field X,1241)


Polonäs_i_Dm_efter_Nils_Larsson_1cc00b.abc
-- skipped I-field: abc-charset utf-8
-- skipped header: (field X,12)


Polonäs_i_G_efter_Johan_Eric_Blomgren_a1eff9.abc
-- skipped I-field: abc-charset utf-8
-- skipped header: (field X,9)


Polonäs_efter_Andreas_Grevelius_nr_75_f9aa6c.abc
-- skipped I-field: abc-charset utf-8
-- skipped header: (field X,75)


Polonesse_in_G_Dur_no_6_ur_Anders_Larssons_notbok_45e24c.abc
-- skipped I-field: abc-charset utf-8
-- skipped header: (field X,8)


Polonäs_efter_Pehr_Andersson_Bild_04_nr_09_cbaefc.abc
-- skipped I-field: abc-charset utf-8
-- skipped header: (field X,9)


Polonäs_ur_Andreas_Dahlgrens_notbok_nr_77_7255ca.abc
-- skipped I-field: abc-charset utf-8
-- skipped header: (field X,77)


_Polonesse_in_A_Dur_no_7_ur_Anders_Larssons_notbok_29e8c8.abc
-- skipped I-field: abc-charset utf-8
-- skipped header: (field X,67)


_Polonäs_sexdregasamlingen_del_1_nr_36_ed2b21.abc
-- skipped I-field: abc-charset utf-8
-- skipped header: (field X,36)
-- skipped I-field: empty voice


_Polonäs_ur_Andreas_Dahlgrens_notbok_nr_27_c36f91.abc
-- skipped I-field: abc-charset utf-8
-- skipped header: (field X,27)


Polonäs_7d3f88.abc
-- skipped I-field: abc-charset utf-8
-- skipped header: (field X,6)


_Polonesse__bf0b1e.abc
**misplaced symbol: ,
| ABcd e4 G4 | F2G2 AGFE D8 | G,4 B,4 D4, | G2AB c2Ac B4 |  G,4 B,4 D4,  | G2AB 
----------------------------------------^
**misplaced symbol: ,
G,4 B,4 D4, | G2AB c2Ac B4 |  G,4 B,4 D4,  | G2AB c2Ac B4  | d2Bd c2Ac B2AG | FG
----------------------------------------^
-- skipped I-field: abc-charset utf-8
-- skipped header: (field X,21)


_Polonesse_in_A_Moll_no_3_ur_Anders_Larssons_notbok_96eb58.abc
-- skipped I-field: abc-charset utf-8
-- skipped header: (field X,107)


_Polonesse_in_E_moll_no_1_ur_Anders_Larssons_notbok_2b7b32.abc
-- skipped I-field: abc-charset utf-8
-- skipped header: (field X,112)


Pollonesse_183213_f9b0ec.abc
-- skipped I-field: abc-charset utf-8
-- skipped header: (field X,13)


_Polska_efter_ByssKalle_nr_17_1dcecd.abc
-- skipped I-field: abc-charset utf-8
-- skipped header: (field X,17)


3679c385a618c89f00d159f418022b39.abc
-- skipped I-field: abc-charset utf-8
-- skipped header: (field X,106)


Polonäs_efter_Rondahl_i_Dm_f2ec99.abc
-- skipped I-field: abc-charset utf-8
-- skipped header: (field X,39)


Poloness_ur_Andreas_Hööks_notbok_cae293.abc
-- skipped I-field: abc-charset utf-8
-- skipped header: (field X,1)


Polska_efter_ByssKalle_nr_32_5e25b2.abc
-- skipped I-field: abc-charset utf-8
-- skipped header: (field X,32)


Polonäs_i_F_efter_Johan_Eric_Blomgren_78500a.abc
-- skipped I-field: abc-charset utf-8
-- skipped header: (field X,364)


Polska_efter_Anders_Gustaf_Andersson_56bac5.abc
-- skipped I-field: abc-charset utf-8
-- skipped header: (field X,663)


_Polska_Kringellåt_efter_Snickar_Erik_0d8979.abc
-- skipped I-field: abc-charset utf-8
-- skipped header: (field X,501)


_Polonäs_ur_Andreas_Dahlgrens_notbok_nr_8_564b4f.abc
-- skipped I-field: abc-charset utf-8
-- skipped header: (field X,8)


Polonesse_in_G_Dur_no_2_ur_Anders_Larssons_notbok_34cc1a.abc
-- skipped I-field: abc-charset utf-8
-- skipped header: (field X,4)


Polonäs_efter_Rondahl_i_C_688990.abc
-- skipped I-field: abc-charset utf-8
-- skipped header: (field X,23)


Polska_efter_Magnus_Segerhammar_b7058d.abc
-- skipped I-field: abc-charset utf-8
-- skipped header: (field X,1)


Polonäs_be5f8c.abc
-- skipped I-field: abc-charset utf-8
-- skipped header: (field X,150)


Polonäs_i_Dm_efter_Daniel_Danielsson_8414f4.abc
-- skipped I-field: abc-charset utf-8
-- skipped header: (field X,30)


_Polska_från_Hälleforsnäs_6e7c46.abc
-- skipped I-field: abc-charset utf-8
-- skipped header: (field X,1)


När_som_flickorna_de_gifta_sig_79c0f9.abc
-- skipped I-field: abc-charset utf-8
-- skipped header: (field X,1)


_Polonäs_ur_Andreas_Dahlgrens_notbok_nr_82_35f617.abc
-- skipped I-field: abc-charset utf-8
-- skipped header: (field X,82)


_Polonäs_sexdregasamlingen_del_2_nr_13_be6f11.abc
-- skipped I-field: abc-charset utf-8
-- skipped header: (field X,13)


Polonäs_ur_Erland_Hanssons_notbok_f665a4.abc
-- skipped I-field: abc-charset utf-8
-- skipped header: (field X,131)


Pollonesse_ur_Andreas_Dahlgrens_notbok_nr_31_73d80b.abc
-- skipped I-field: abc-charset utf-8
-- skipped header: (field X,31)


Polska_ur_Sven_Donats_notbok_899f79.abc
-- skipped I-field: abc-charset utf-8
-- skipped header: (field X,110)


Pollonesse_183256_adcf61.abc
-- skipped I-field: abc-charset utf-8
-- skipped header: (field X,56)


Polonäs_5575cc.abc
-- skipped I-field: abc-charset utf-8
-- skipped header: (field X,7)


Polonäs_i_Dm_efter_Johan_Eric_Blomgren_7431d1.abc
-- skipped I-field: abc-charset utf-8
-- skipped header: (field X,438)


_Polonäs_sexdregasamlingen_del_2_nr_70_1b9662.abc
-- skipped I-field: abc-charset utf-8
-- skipped header: (field X,70)
-- illegal unit length:1/16', 1/8 assumed


Pollonesse_ur_Andreas_Dahlgrens_notbok_no_55_7586c6.abc
-- skipped I-field: abc-charset utf-8
-- skipped header: (field X,55)


_Storsvarten_polska_efter_ByssKalle_nr_49_94275e.abc
-- skipped I-field: abc-charset utf-8
-- skipped header: (field X,49)


Polonesse_in_A_Moll_no_6_ur_Anders_Larssons_notbok_1b6b3e.abc
-- skipped I-field: abc-charset utf-8
-- skipped header: (field X,110)


_Polonäs_sexdregasamlingen_del_3_nr_13_903278.abc
-- skipped I-field: abc-charset utf-8
-- skipped header: (field X,13)


Polonäs_ba0e60.abc
-- skipped I-field: abc-charset utf-8
-- skipped header: (field X,134)


Polonesse_in_A_Dur_No_6_9fd125.abc
-- skipped I-field: abc-charset utf-8
-- skipped header: (field X,66)


Polonäs_i_Dm_6584f0.abc
-- skipped I-field: abc-charset utf-8
-- skipped header: (field X,35)


_Grönsiskan_polska_efter_ByssKalle_nr_14_a46b0b.abc
-- skipped I-field: abc-charset utf-8
-- skipped header: (field X,14)


Polonesse_in_G_Dur_no_20_ur_Anders_Larssons_notbok_81e2d6.abc
-- skipped I-field: abc-charset utf-8
-- skipped header: (field X,22)


Polonäs_efter_Pehr_Andersson_Bild_10_nr_27_68f94a.abc
-- skipped I-field: abc-charset utf-8
-- skipped header: (field X,27)


Polska__ea7739.abc
-- skipped I-field: abc-charset utf-8
-- skipped header: (field X,1)
-- skipped I-field: tuplets 1 0 0
-- skipped I-field: tuplets 0 0 0


_Polska_efter_ByssKalle_nr_32_d2708c.abc
-- skipped I-field: abc-charset utf-8
-- skipped header: (field X,32)


Pollonesse_ur_Andreas_Dahlgrens_notbok_nr_44_ca7c7f.abc
-- skipped I-field: abc-charset utf-8
-- skipped header: (field X,44)


_Polska_efter_ByssKalle_nr_39_6aa50e.abc
-- skipped I-field: abc-charset utf-8
-- skipped header: (field X,39)


Pollonesse_183223_93b57b.abc
-- skipped I-field: abc-charset utf-8
-- skipped header: (field X,23)


Polonäs_i_G_efter_Baumgarten_c1c8c8.abc
-- skipped I-field: abc-charset utf-8
-- skipped header: (field X,107)


_Polonesse_in_D_Dur_no_33_ur_Anders_Larssons_notbok_fe57e5.abc
-- skipped I-field: abc-charset utf-8
-- skipped header: (field X,47)


Polska_i_Dm__cafbff.abc
-- skipped I-field: abc-charset utf-8
-- skipped header: (field X,1)


Polska_efter_Lorens_Brolin_9d9b34.abc
-- skipped I-field: abc-charset utf-8
-- skipped header: (field X,1001)


Polonäs_f451a8.abc
-- skipped I-field: abc-charset utf-8
-- skipped header: (field X,169)


_Polska_efter_ByssKalle_nr_27_4ee352.abc
-- skipped I-field: abc-charset utf-8
-- skipped header: (field X,27)


Pollonesse_183250_a86e6b.abc
-- skipped I-field: abc-charset utf-8
-- skipped header: (field X,50)


_Polska_efter_Petter_Dufva__58c596.abc
-- skipped I-field: abc-charset utf-8
-- skipped header: (field X,37)


_Polonesse_in_B_Dur_no_2_ur_Anders_Larssons_notbok_4f7d21.abc
-- skipped I-field: abc-charset utf-8
-- skipped header: (field X,94)


Polonäs_efter_Andreas_Grevelius_nr_9_13f10a.abc
-- skipped I-field: abc-charset utf-8
-- skipped header: (field X,63)


Polonäs_db0e5c.abc
-- skipped I-field: abc-charset utf-8
-- skipped header: (field X,138)


_Polska_efter_Sven_Wallin_b80732.abc
-- skipped I-field: abc-charset utf-8
-- skipped header: (field X,2)


Polonäs_efter_Rondahl_i_C_bcd23b.abc
-- skipped I-field: abc-charset utf-8
-- skipped header: (field X,73)


Polonesse_in_A_Dur_No_1_1b2359.abc
-- skipped I-field: abc-charset utf-8
-- skipped header: (field X,61)


Pollonesse_183254_460e7c.abc
-- skipped I-field: abc-charset utf-8
-- skipped header: (field X,54)


_Polonesse_in_D_dur_no_3_e433d8.abc
-- skipped I-field: abc-charset utf-8
-- skipped header: (field X,114)


_Gammalkils_polska_6cc9d2.abc
-- skipped I-field: abc-charset utf-8
-- skipped header: (field X,1)


Polonäs_efter_Sam_Wåhlberg_03bbef.abc
-- skipped I-field: abc-charset utf-8
-- skipped header: (field X,47)


Polska_efter_Petter_Olas_Anna_ee21bc.abc
-- skipped I-field: abc-charset utf-8
-- skipped header: (field X,310)


Polonäs_fc3131.abc
-- skipped I-field: abc-charset utf-8
-- skipped header: (field X,34)


Polska_efter_Anders_Gustaf_Andersson_c74084.abc
-- skipped I-field: abc-charset utf-8
-- skipped header: (field X,656)


Polonäs_ur_Anders_PlanMarcks_notbok_nr_19_5f2601.abc
-- skipped I-field: abc-charset utf-8
-- skipped header: (field X,19)


Polonäs_bcee75.abc
-- skipped I-field: abc-charset utf-8
-- skipped header: (field X,36)


_Edwards_glada_8b403a.abc
-- skipped I-field: abc-charset utf-8
-- skipped header: (field X,1)


Polonäs_i_Dm_efter_Daniel_Danielsson_ac3754.abc
-- skipped I-field: abc-charset utf-8
-- skipped header: (field X,27)


Polonäs_2b42ff.abc
-- skipped I-field: abc-charset utf-8
-- skipped header: (field X,43)


Polonisse_258390.abc
-- skipped I-field: abc-charset utf-8
-- skipped header: (field X,1)


Pollonesse_183230_d1e68b.abc
-- skipped I-field: abc-charset utf-8
-- skipped header: (field X,30)


Polonäs_8fb54d.abc
-- skipped I-field: abc-charset utf-8
-- skipped header: (field X,112)


_Polonäs_ur_Andreas_Dahlgrens_notbok_nr_20_15b5e3.abc
-- skipped I-field: abc-charset utf-8
-- skipped header: (field X,20)


_Polonäs_ur_Jonas_Pehrssons_notbok_nr_38_ba66c1.abc
-- skipped I-field: abc-charset utf-8
-- skipped header: (field X,47)


Polonäs_i_Dm_efter_Daniel_Danielsson_8c35b6.abc
-- skipped I-field: abc-charset utf-8
-- skipped header: (field X,23)


Pollonesse_183226_232502.abc
-- skipped I-field: abc-charset utf-8
-- skipped header: (field X,26)


_Polonäs_sexdregasamlingen_del_1_nr_41_0deef3.abc
-- skipped I-field: abc-charset utf-8
-- skipped header: (field X,41)


Polonäs_ur_Lars_Larssons_notbok_18cb0b.abc
-- skipped I-field: abc-charset utf-8
-- skipped header: (field X,74)


Polonäs_efter_Pehr_Andersson_Bild_13_nr_36_d862a4.abc
-- skipped I-field: abc-charset utf-8
-- skipped header: (field X,36)


Polska_efter_SpelJocke_bcbccb.abc
-- skipped I-field: abc-charset utf-8
-- skipped header: (field X,224)


_Polska_efter_J_Adolf_Hägg__Nils_Hägg_148f0a.abc
-- skipped I-field: abc-charset utf-8
-- skipped header: (field X,1241)


Polonäs_i_F_efter_Johan_Eric_Blomgren_86bdea.abc
-- skipped I-field: abc-charset utf-8
-- skipped header: (field X,19)


Polska_från_Vetlanda_f2ada9.abc
-- skipped I-field: abc-charset utf-8
-- skipped header: (field X,32)


Sydjämtsk_slängpolska_efter_JohnErik_Mattsson_2a0874.abc
-- skipped I-field: abc-charset utf-8
-- skipped header: (field X,3138)


Ljunggrens_låga_6da782.abc
-- skipped I-field: abc-charset utf-8
-- skipped header: (field X,228)


_Polonäs_sexdregasamlingen_del_2_nr_40_f6ee90.abc
-- skipped I-field: abc-charset utf-8
-- skipped header: (field X,40)


Pollonesse_183209_d6a6be.abc
-- skipped I-field: abc-charset utf-8
-- skipped header: (field X,9)


Polonäs_efter_Pehr_Andersson_Bild_21_nr_58_e6a9af.abc
-- skipped I-field: abc-charset utf-8
-- skipped header: (field X,58)


Pollonesse_183232_778e53.abc
-- skipped I-field: abc-charset utf-8
-- skipped header: (field X,32)


Polonäs_847fbf.abc
-- skipped I-field: abc-charset utf-8
-- skipped header: (field X,40)


Polonäs_ur_Lars_Larssons_notbok_a3d1fc.abc
-- skipped I-field: abc-charset utf-8
-- skipped header: (field X,49)


_Polska_efter_Petter_Dufva__ee0e27.abc
-- skipped I-field: abc-charset utf-8
-- skipped header: (field X,37)


_Branten_polska_efter_ByssKalle_nr_7_479178.abc
-- skipped I-field: abc-charset utf-8
-- skipped header: (field X,7)


_1814_698087.abc
-- skipped I-field: abc-charset utf-8
-- skipped header: (field X,1)


_Polonesse_in_A_Dur_no_3_ur_Anders_Larssons_notbok_bdcb6a.abc
-- skipped I-field: abc-charset utf-8
-- skipped header: (field X,63)


Polonäs_efter_Pehr_Andersson_Bild_09_nr_25_8a875e.abc
-- skipped I-field: abc-charset utf-8
-- skipped header: (field X,25)


_Polonäs_ur_Andreas_Dahlgrens_notbok_nr_66_ff021e.abc
-- skipped I-field: abc-charset utf-8
-- skipped header: (field X,66)


Polonäs_ur_Alfred_Anderssons_notbok_453338.abc
-- skipped I-field: abc-charset utf-8
-- skipped header: (field X,87)


Polska_efter_Anders_Gustaf_Andersson_e1e8d7.abc
**misplaced symbol: /
[V:1] /shd{    M 3 1.3 RM -1 2.5 -6.5 0 -5.5 -2.5 RC 1 -2.5 6.5 0 5.5 2.5 RC fill}! [I:endps][I:deco head-small 0 shd 0 0 0 ][U:s=+head-small+][N:"Jfr Rosenberg: 160 polskor, visor och danslekar n:r 87, samt Svenska Låtar, Dalarna, h. II n:r 432, första reprisen".][N:Se även + och SvL Västmanland nr 164.][K:Am] e>c A2 (cB) | [G2sB2] A4 | A>c e2 (g^f) | d2 e4 :: e2 c>e c>e | a2 {^fg}f/e/f d2 | d2 B>G B>d | g2 {^fg}f/e/f e2 | e>c A2 (cB) | [G2sB2] A4 :|
-----^
**misplaced symbol: {
[V:1] /shd{    M 3 1.3 RM -1 2.5 -6.5 0 -5.5 -2.5 RC 1 -2.5 6.5 0 5.5 2.5 RC fill}! [I:endps][I:deco head-small 0 shd 0 0 0 ][U:s=+head-small+][N:"Jfr Rosenberg: 160 polskor, visor och danslekar n:r 87, samt Svenska Låtar, Dalarna, h. II n:r 432, första reprisen".][N:Se även + och SvL Västmanland nr 164.][K:Am] e>c A2 (cB) | [G2sB2] A4 | A>c e2 (g^f) | d2 e4 :: e2 c>e c>e | a2 {^fg}f/e/f d2 | d2 B>G B>d | g2 {^fg}f/e/f e2 | e>c A2 (cB) | [G2sB2] A4 :|
----------^
**misplaced symbol: 3
[V:1] /shd{    M 3 1.3 RM -1 2.5 -6.5 0 -5.5 -2.5 RC 1 -2.5 6.5 0 5.5 2.5 RC fill}! [I:endps][I:deco head-small 0 shd 0 0 0 ][U:s=+head-small+][N:"Jfr Rosenberg: 160 polskor, visor och danslekar n:r 87, samt Svenska Låtar, Dalarna, h. II n:r 432, första reprisen".][N:Se även + och SvL Västmanland nr 164.][K:Am] e>c A2 (cB) | [G2sB2] A4 | A>c e2 (g^f) | d2 e4 :: e2 c>e c>e | a2 {^fg}f/e/f d2 | d2 B>G B>d | g2 {^fg}f/e/f e2 | e>c A2 (cB) | [G2sB2] A4 :|
----------------^
**misplaced symbol: 1
[V:1] /shd{    M 3 1.3 RM -1 2.5 -6.5 0 -5.5 -2.5 RC 1 -2.5 6.5 0 5.5 2.5 RC fill}! [I:endps][I:deco head-small 0 shd 0 0 0 ][U:s=+head-small+][N:"Jfr Rosenberg: 160 polskor, visor och danslekar n:r 87, samt Svenska Låtar, Dalarna, h. II n:r 432, första reprisen".][N:Se även + och SvL Västmanland nr 164.][K:Am] e>c A2 (cB) | [G2sB2] A4 | A>c e2 (g^f) | d2 e4 :: e2 c>e c>e | a2 {^fg}f/e/f d2 | d2 B>G B>d | g2 {^fg}f/e/f e2 | e>c A2 (cB) | [G2sB2] A4 :|
------------------^
**misplaced symbol: 3
[V:1] /shd{    M 3 1.3 RM -1 2.5 -6.5 0 -5.5 -2.5 RC 1 -2.5 6.5 0 5.5 2.5 RC fill}! [I:endps][I:deco head-small 0 shd 0 0 0 ][U:s=+head-small+][N:"Jfr Rosenberg: 160 polskor, visor och danslekar n:r 87, samt Svenska Låtar, Dalarna, h. II n:r 432, första reprisen".][N:Se även + och SvL Västmanland nr 164.][K:Am] e>c A2 (cB) | [G2sB2] A4 | A>c e2 (g^f) | d2 e4 :: e2 c>e c>e | a2 {^fg}f/e/f d2 | d2 B>G B>d | g2 {^fg}f/e/f e2 | e>c A2 (cB) | [G2sB2] A4 :|
---------------------^
**misplaced symbol: -
[V:1] /shd{    M 3 1.3 RM -1 2.5 -6.5 0 -5.5 -2.5 RC 1 -2.5 6.5 0 5.5 2.5 RC fill}! [I:endps][I:deco head-small 0 shd 0 0 0 ][U:s=+head-small+][N:"Jfr Rosenberg: 160 polskor, visor och danslekar n:r 87, samt Svenska Låtar, Dalarna, h. II n:r 432, första reprisen".][N:Se även + och SvL Västmanland nr 164.][K:Am] e>c A2 (cB) | [G2sB2] A4 | A>c e2 (g^f) | d2 e4 :: e2 c>e c>e | a2 {^fg}f/e/f d2 | d2 B>G B>d | g2 {^fg}f/e/f e2 | e>c A2 (cB) | [G2sB2] A4 :|
-------------------------^
**misplaced symbol: 1
[V:1] /shd{    M 3 1.3 RM -1 2.5 -6.5 0 -5.5 -2.5 RC 1 -2.5 6.5 0 5.5 2.5 RC fill}! [I:endps][I:deco head-small 0 shd 0 0 0 ][U:s=+head-small+][N:"Jfr Rosenberg: 160 polskor, visor och danslekar n:r 87, samt Svenska Låtar, Dalarna, h. II n:r 432, första reprisen".][N:Se även + och SvL Västmanland nr 164.][K:Am] e>c A2 (cB) | [G2sB2] A4 | A>c e2 (g^f) | d2 e4 :: e2 c>e c>e | a2 {^fg}f/e/f d2 | d2 B>G B>d | g2 {^fg}f/e/f e2 | e>c A2 (cB) | [G2sB2] A4 :|
---------------------------^
**misplaced symbol: 2
[V:1] /shd{    M 3 1.3 RM -1 2.5 -6.5 0 -5.5 -2.5 RC 1 -2.5 6.5 0 5.5 2.5 RC fill}! [I:endps][I:deco head-small 0 shd 0 0 0 ][U:s=+head-small+][N:"Jfr Rosenberg: 160 polskor, visor och danslekar n:r 87, samt Svenska Låtar, Dalarna, h. II n:r 432, första reprisen".][N:Se även + och SvL Västmanland nr 164.][K:Am] e>c A2 (cB) | [G2sB2] A4 | A>c e2 (g^f) | d2 e4 :: e2 c>e c>e | a2 {^fg}f/e/f d2 | d2 B>G B>d | g2 {^fg}f/e/f e2 | e>c A2 (cB) | [G2sB2] A4 :|
----------------------------^
**misplaced symbol: 5
[V:1] /shd{    M 3 1.3 RM -1 2.5 -6.5 0 -5.5 -2.5 RC 1 -2.5 6.5 0 5.5 2.5 RC fill}! [I:endps][I:deco head-small 0 shd 0 0 0 ][U:s=+head-small+][N:"Jfr Rosenberg: 160 polskor, visor och danslekar n:r 87, samt Svenska Låtar, Dalarna, h. II n:r 432, första reprisen".][N:Se även + och SvL Västmanland nr 164.][K:Am] e>c A2 (cB) | [G2sB2] A4 | A>c e2 (g^f) | d2 e4 :: e2 c>e c>e | a2 {^fg}f/e/f d2 | d2 B>G B>d | g2 {^fg}f/e/f e2 | e>c A2 (cB) | [G2sB2] A4 :|
-------------------------------^
**misplaced symbol: -
[V:1] /shd{    M 3 1.3 RM -1 2.5 -6.5 0 -5.5 -2.5 RC 1 -2.5 6.5 0 5.5 2.5 RC fill}! [I:endps][I:deco head-small 0 shd 0 0 0 ][U:s=+head-small+][N:"Jfr Rosenberg: 160 polskor, visor och danslekar n:r 87, samt Svenska Låtar, Dalarna, h. II n:r 432, första reprisen".][N:Se även + och SvL Västmanland nr 164.][K:Am] e>c A2 (cB) | [G2sB2] A4 | A>c e2 (g^f) | d2 e4 :: e2 c>e c>e | a2 {^fg}f/e/f d2 | d2 B>G B>d | g2 {^fg}f/e/f e2 | e>c A2 (cB) | [G2sB2] A4 :|
--------------------------------^
**misplaced symbol: 6
[V:1] /shd{    M 3 1.3 RM -1 2.5 -6.5 0 -5.5 -2.5 RC 1 -2.5 6.5 0 5.5 2.5 RC fill}! [I:endps][I:deco head-small 0 shd 0 0 0 ][U:s=+head-small+][N:"Jfr Rosenberg: 160 polskor, visor och danslekar n:r 87, samt Svenska Låtar, Dalarna, h. II n:r 432, första reprisen".][N:Se även + och SvL Västmanland nr 164.][K:Am] e>c A2 (cB) | [G2sB2] A4 | A>c e2 (g^f) | d2 e4 :: e2 c>e c>e | a2 {^fg}f/e/f d2 | d2 B>G B>d | g2 {^fg}f/e/f e2 | e>c A2 (cB) | [G2sB2] A4 :|
----------------------------------^
**misplaced symbol: 5
[V:1] /shd{    M 3 1.3 RM -1 2.5 -6.5 0 -5.5 -2.5 RC 1 -2.5 6.5 0 5.5 2.5 RC fill}! [I:endps][I:deco head-small 0 shd 0 0 0 ][U:s=+head-small+][N:"Jfr Rosenberg: 160 polskor, visor och danslekar n:r 87, samt Svenska Låtar, Dalarna, h. II n:r 432, första reprisen".][N:Se även + och SvL Västmanland nr 164.][K:Am] e>c A2 (cB) | [G2sB2] A4 | A>c e2 (g^f) | d2 e4 :: e2 c>e c>e | a2 {^fg}f/e/f d2 | d2 B>G B>d | g2 {^fg}f/e/f e2 | e>c A2 (cB) | [G2sB2] A4 :|
------------------------------------^
**misplaced symbol: 0
[V:1] /shd{    M 3 1.3 RM -1 2.5 -6.5 0 -5.5 -2.5 RC 1 -2.5 6.5 0 5.5 2.5 RC fill}! [I:endps][I:deco head-small 0 shd 0 0 0 ][U:s=+head-small+][N:"Jfr Rosenberg: 160 polskor, visor och danslekar n:r 87, samt Svenska Låtar, Dalarna, h. II n:r 432, första reprisen".][N:Se även + och SvL Västmanland nr 164.][K:Am] e>c A2 (cB) | [G2sB2] A4 | A>c e2 (g^f) | d2 e4 :: e2 c>e c>e | a2 {^fg}f/e/f d2 | d2 B>G B>d | g2 {^fg}f/e/f e2 | e>c A2 (cB) | [G2sB2] A4 :|
-------------------------------------^
**misplaced symbol: -
[V:1] /shd{    M 3 1.3 RM -1 2.5 -6.5 0 -5.5 -2.5 RC 1 -2.5 6.5 0 5.5 2.5 RC fill}! [I:endps][I:deco head-small 0 shd 0 0 0 ][U:s=+head-small+][N:"Jfr Rosenberg: 160 polskor, visor och danslekar n:r 87, samt Svenska Låtar, Dalarna, h. II n:r 432, första reprisen".][N:Se även + och SvL Västmanland nr 164.][K:Am] e>c A2 (cB) | [G2sB2] A4 | A>c e2 (g^f) | d2 e4 :: e2 c>e c>e | a2 {^fg}f/e/f d2 | d2 B>G B>d | g2 {^fg}f/e/f e2 | e>c A2 (cB) | [G2sB2] A4 :|
---------------------------------------^
**misplaced symbol: 5
V:1] /shd{    M 3 1.3 RM -1 2.5 -6.5 0 -5.5 -2.5 RC 1 -2.5 6.5 0 5.5 2.5 RC fill
----------------------------------------^
**misplaced symbol: 5
1] /shd{    M 3 1.3 RM -1 2.5 -6.5 0 -5.5 -2.5 RC 1 -2.5 6.5 0 5.5 2.5 RC fill}!
----------------------------------------^
**misplaced symbol: -
] /shd{    M 3 1.3 RM -1 2.5 -6.5 0 -5.5 -2.5 RC 1 -2.5 6.5 0 5.5 2.5 RC fill}! 
----------------------------------------^
**misplaced symbol: 2
/shd{    M 3 1.3 RM -1 2.5 -6.5 0 -5.5 -2.5 RC 1 -2.5 6.5 0 5.5 2.5 RC fill}! [I
----------------------------------------^
**misplaced symbol: 5
hd{    M 3 1.3 RM -1 2.5 -6.5 0 -5.5 -2.5 RC 1 -2.5 6.5 0 5.5 2.5 RC fill}! [I:e
----------------------------------------^
**misplaced symbol: 2
 3 1.3 RM -1 2.5 -6.5 0 -5.5 -2.5 RC 1 -2.5 6.5 0 5.5 2.5 RC fill}! [I:endps][I:
----------------------------------------^
**misplaced symbol: 5
 1.3 RM -1 2.5 -6.5 0 -5.5 -2.5 RC 1 -2.5 6.5 0 5.5 2.5 RC fill}! [I:endps][I:de
----------------------------------------^
**misplaced symbol: 6
1.3 RM -1 2.5 -6.5 0 -5.5 -2.5 RC 1 -2.5 6.5 0 5.5 2.5 RC fill}! [I:endps][I:dec
----------------------------------------^
**misplaced symbol: 5
 RM -1 2.5 -6.5 0 -5.5 -2.5 RC 1 -2.5 6.5 0 5.5 2.5 RC fill}! [I:endps][I:deco h
----------------------------------------^
**misplaced symbol: 0
RM -1 2.5 -6.5 0 -5.5 -2.5 RC 1 -2.5 6.5 0 5.5 2.5 RC fill}! [I:endps][I:deco he
----------------------------------------^
**misplaced symbol: 5
 -1 2.5 -6.5 0 -5.5 -2.5 RC 1 -2.5 6.5 0 5.5 2.5 RC fill}! [I:endps][I:deco head
----------------------------------------^
**misplaced symbol: 5
 2.5 -6.5 0 -5.5 -2.5 RC 1 -2.5 6.5 0 5.5 2.5 RC fill}! [I:endps][I:deco head-sm
----------------------------------------^
**misplaced symbol: 2
2.5 -6.5 0 -5.5 -2.5 RC 1 -2.5 6.5 0 5.5 2.5 RC fill}! [I:endps][I:deco head-sma
----------------------------------------^
**misplaced symbol: 5
 -6.5 0 -5.5 -2.5 RC 1 -2.5 6.5 0 5.5 2.5 RC fill}! [I:endps][I:deco head-small 
----------------------------------------^
**misplaced symbol: }
5.5 -2.5 RC 1 -2.5 6.5 0 5.5 2.5 RC fill}! [I:endps][I:deco head-small 0 shd 0 0
----------------------------------------^
-- skipped I-field: abc-charset utf-8
-- skipped header: (field X,662)
-- skipped I-field: beginps
-- unhandled note decorations: ['s', 'h']
-- unhandled note decorations: ['R', 'R']
-- unhandled note decorations: ['R']
-- skipped I-field: endps
-- skipped I-field: deco head-small 0 shd 0 0 0
-- **illegal header field in body: U, content: s +head-small+
-- **illegal header field in body: N, content: "Jfr Rosenberg: 160 polskor, visor och danslekar n:r 87, samt Svenska Låtar, Dalarna, h. II n:r 432, första reprisen".
-- **illegal header field in body: N, content: Se även + och SvL Västmanland nr 164.
-- unhandled note decorations: ['i', 'l', 'l']
-- unhandled note decorations: ['s']
-- unhandled note decorations: ['s']


_Polonäs_sexdregasamlingen_del_2_nr_66_67364b.abc
-- skipped I-field: abc-charset utf-8
-- skipped header: (field X,66)


_Polska_efter_ByssKalle_nr_36_a115df.abc
-- skipped I-field: abc-charset utf-8
-- skipped header: (field X,36)


Slängpolska_efter_Appelkvist_3f94c8.abc
-- skipped I-field: abc-charset utf-8
-- skipped header: (field X,1)


Polonäs_acd258.abc
-- skipped I-field: abc-charset utf-8
-- skipped header: (field X,123)


Polonesse_in_G_Dur_no_4_ur_Anders_Larssons_notbok_f9bbcd.abc
-- skipped I-field: abc-charset utf-8
-- skipped header: (field X,6)


Polonäs_efter_Pehr_Andersson_Bild_05_nr_11_e39451.abc
-- skipped I-field: abc-charset utf-8
-- skipped header: (field X,11)


Polonesse_in_G_Dur_no_5_67e161.abc
-- skipped I-field: abc-charset utf-8
-- skipped header: (field X,7)


Polones_ce6fef.abc
-- skipped I-field: abc-charset utf-8
-- skipped header: (field X,28)


Polonäs_b235dc.abc
-- skipped I-field: abc-charset utf-8
-- skipped header: (field X,42)


Polonäs_ur_Lars_Larssons_notbok_i_Dm_71df47.abc
-- skipped I-field: abc-charset utf-8
-- skipped header: (field X,94)


_Polonäs_sexdregasamlingen_del_2_nr_2_ceb235.abc
-- skipped I-field: abc-charset utf-8
-- skipped header: (field X,2)


Polonäs_i_Am_ur_NilsJohan_Nybergs_notbok_232819.abc
-- skipped I-field: abc-charset utf-8
-- skipped header: (field X,49)


_Polonäs_ur_Andreas_Dahlgrens_notbok_nr_6_bb161d.abc
-- skipped I-field: abc-charset utf-8
-- skipped header: (field X,6)


_Polonäs_sexdregasamlingen_del_1_nr_36_dfc2c9.abc
-- skipped I-field: abc-charset utf-8
-- skipped header: (field X,36)
-- skipped I-field: empty voice


Polonäs_efter_Pehr_Andersson_Bild_24_nr_69_9c4e57.abc
-- skipped I-field: abc-charset utf-8
-- skipped header: (field X,68)


Polonäs_8a2474.abc
-- skipped I-field: abc-charset utf-8
-- skipped header: (field X,198)


Polonäs_i_Cm_efter_Johan_Eric_Blomgren_eadc33.abc
-- skipped I-field: abc-charset utf-8
-- skipped header: (field X,17)


Polonäs_ur_Andreas_Dahlgrens_notbok_nr_52_7a2bcd.abc
-- skipped I-field: abc-charset utf-8
-- skipped header: (field X,52)


Pollonesse_183221_9c2a5c.abc
-- skipped I-field: abc-charset utf-8
-- skipped header: (field X,21)


_Polonäs_av_Andreas_Dahlgren_ur_Andreas_Dahlgrens_notbok_nr_97_4ae301.abc
-- skipped I-field: abc-charset utf-8
-- skipped header: (field X,97)


_Polska_från_Sunhult_2cbc58.abc
-- skipped I-field: abc-charset utf-8
-- skipped header: (field X,1)


Polonäs_i_D_ur_Carl_Råmelius_notbok_73d480.abc
-- skipped I-field: abc-charset utf-8
-- skipped header: (field X,63)
-- **illegal header field in body: Z, content: Nils L
-- **illegal header field in body: B, content: Carl Råmelius notbok (pdf) nr 63 sid 23


Polonäs_från_Småland__f0077d.abc
-- skipped I-field: abc-charset utf-8
-- skipped header: (field X,85)


Polonäs_6b9196.abc
-- skipped I-field: abc-charset utf-8
-- skipped header: (field X,114)


Polonäs_i_Bb_efter_Johan_Eric_Blomgren_331a4e.abc
-- skipped I-field: abc-charset utf-8
-- skipped header: (field X,350)


Polonäs_1044eb.abc
-- skipped I-field: abc-charset utf-8
-- skipped header: (field X,24)


Polonäs_i_F_efter_Johan_Eric_Blomgren_048a81.abc
-- skipped I-field: abc-charset utf-8
-- skipped header: (field X,430)


Polonäs_i_Dm_efter_Daniel_Danielsson_07e0c3.abc
-- skipped I-field: abc-charset utf-8
-- skipped header: (field X,26)


Polonäs_i_Bb_efter_Johan_Eric_Blomgren_cd110f.abc
-- skipped I-field: abc-charset utf-8
-- skipped header: (field X,298)


Polonesse_in_A_Dur_No_8_c43a76.abc
-- skipped I-field: abc-charset utf-8
-- skipped header: (field X,68)


_Slängpolska_från_Mörkö_i_A_och_Dm_d82695.abc
-- skipped I-field: abc-charset utf-8
-- skipped header: (field X,1)


Pollonesse_183253_5eadfa.abc
-- skipped I-field: abc-charset utf-8
-- skipped header: (field X,53)


Polonäs_efter_Gustaf_Weslien_f23bb8.abc
-- skipped I-field: abc-charset utf-8
-- skipped header: (field X,7)


_Polonäs_sexdregasamlingen_del_3_nr_12_ce219a.abc
-- skipped I-field: abc-charset utf-8
-- skipped header: (field X,12)


_Polska_efter_ByssKalle_nr_25_20dc4a.abc
-- skipped I-field: abc-charset utf-8
-- skipped header: (field X,25)


_Polska_efter_ByssKalle_nr_35_a7117f.abc
-- skipped I-field: abc-charset utf-8
-- skipped header: (field X,35)


Polonäs_efter_Pehr_Andersson_Bild_08_nr_23_61dc2d.abc
-- skipped I-field: abc-charset utf-8
-- skipped header: (field X,23)


Polonäs_efter_Pehr_Andersson_Bild_14_nr_39_1d4a7a.abc
-- skipped I-field: abc-charset utf-8
-- skipped header: (field X,39)


_Polska_Kringellåt_efter_Snickar_Erik_7554db.abc
-- skipped I-field: abc-charset utf-8
-- skipped header: (field X,500)


Vevlireettan_f5db41.abc
-- skipped I-field: abc-charset utf-8
-- skipped header: (field X,102)


Polonäs_de6b05.abc
-- skipped I-field: abc-charset utf-8
-- skipped header: (field X,129)


Mikaelidansen_a7e723.abc
-- skipped I-field: abc-charset utf-8
-- skipped header: (field X,1)


_Polonäs_ur_Andreas_Dahlgrens_notbok_nr_65_fe43f3.abc
-- skipped I-field: abc-charset utf-8
-- skipped header: (field X,65)


Pollonesse_183234_d82d0f.abc
-- skipped I-field: abc-charset utf-8
-- skipped header: (field X,34)


Polonäs_709151.abc
-- skipped I-field: abc-charset utf-8
-- skipped header: (field X,131)
-- skipped I-field: tuplets 1 0 0


Polonäs_a7d328.abc
-- skipped I-field: abc-charset utf-8
-- skipped header: (field X,92)


_Polonäs_ur_Jonas_Pehrssons_notbok_nr_27_d22474.abc
-- skipped I-field: abc-charset utf-8
-- skipped header: (field X,27)


Polonäs_efter_Sam_Wåhlberg_Gm_675071.abc
-- skipped I-field: abc-charset utf-8
-- skipped header: (field X,216)


Polonäs_i_Dm_efter_Johan_Eric_Blomgren_e27c35.abc
-- skipped I-field: abc-charset utf-8
-- skipped header: (field X,429)


_Polonesse_in_D_Dur_no_20_ur_Anders_Larssons_notbok_4ea07e.abc
-- skipped I-field: abc-charset utf-8
-- skipped header: (field X,34)


Polonäs_e2b185.abc
-- skipped I-field: abc-charset utf-8
-- skipped header: (field X,133)


Polonäs_i_Dm_efter_Johan_Eric_Blomgren_0f973d.abc
-- skipped I-field: abc-charset utf-8
-- skipped header: (field X,79)


Polonäs_ur_Lars_Larssons_notbok_b6b8db.abc
-- skipped I-field: abc-charset utf-8
-- skipped header: (field X,72)


Pollonesse_183222_a615fd.abc
-- skipped I-field: abc-charset utf-8
-- skipped header: (field X,22)


Polska_efter_August_Nyholm_SvL_Hälsingland_255_ca6ac5.abc
-- skipped I-field: abc-charset utf-8
-- skipped header: (field X,255)


Pollonesse_183229_d6da88.abc
-- skipped I-field: abc-charset utf-8
-- skipped header: (field X,29)


Polonäs_i_Dm_ur_AP_Roos_notbok_13ba8d.abc
-- skipped I-field: abc-charset utf-8
-- skipped header: (field X,22)


_Polonäs_ur_Andreas_Dahlgrens_notbok_nr_87_56e894.abc
-- skipped I-field: abc-charset utf-8
-- skipped header: (field X,87)


_Polska_efter_Johan_August_Ericsson_e840fd.abc
-- skipped I-field: abc-charset utf-8
-- skipped header: (field X,50)


_Polonäs_sexdregasamlingen_del_1_nr_9_1ec0af.abc
-- skipped I-field: abc-charset utf-8
-- skipped header: (field X,9)


1b651a94a8f8680da3cef1e60705194d.abc
-- skipped I-field: abc-charset utf-8
-- skipped header: (field X,46)


_Slängpolska_från_Finnika_3bf619.abc
-- skipped I-field: abc-charset utf-8
-- skipped header: (field X,131)


Glada_Ryd_ca8c3c.abc
-- skipped I-field: abc-charset utf-8
-- skipped header: (field X,1)


Polska_efter_Alfred_Pettersson_68b46f.abc
-- skipped I-field: abc-charset utf-8
-- skipped header: (field X,1)


Polonäs_i_A_efter_Johan_Eric_Blomgren_241be5.abc
-- skipped I-field: abc-charset utf-8
-- skipped header: (field X,79)


6a7d307d1f0712090e4043a6b4637efa.abc
-- skipped I-field: abc-charset utf-8
-- skipped header: (field X,1)


_Storpolskan_efter_ByssKalle_nr_12_c9a727.abc
-- skipped I-field: abc-charset utf-8
-- skipped header: (field X,12)


Slängpolska_fr_Slimminge_60b292.abc
-- skipped I-field: abc-charset utf-8
-- skipped header: (field X,1020)


Pollonesse_ur_Andreas_Dahlgrens_notbok_no_10_d81ffb.abc
-- skipped I-field: abc-charset utf-8
-- skipped header: (field X,10)


_Polonäs_Mollo_sexdregasamlingen_del_3_nr_48_628b4c.abc
-- skipped I-field: abc-charset utf-8
-- skipped header: (field X,48)


Polonäs_4ab444.abc
-- skipped I-field: abc-charset utf-8
-- skipped header: (field X,178)


Polska_i_Ddur_efter_Ola_i_Skarup_70a78c.abc
-- skipped I-field: abc-charset utf-8
-- skipped header: (field X,1)


Polska_efter_Zakris_Jönsson_5e7b0b.abc
-- skipped I-field: abc-charset utf-8
-- skipped header: (field X,1)


_Polonäs_sexdregasamlingen_del_2_nr_4_65442b.abc
-- skipped I-field: abc-charset utf-8
-- skipped header: (field X,4)


_Polonäs_sexdregasamlingen_del_1_nr_32_f99650.abc
-- skipped I-field: abc-charset utf-8
-- skipped header: (field X,32)


Polonesse_in_G_Dur_no_11_ur_Anders_Larssons_notbok_61b1ef.abc
-- skipped I-field: abc-charset utf-8
-- skipped header: (field X,13)


Polonäs_i_Gm_efter_Baumgarten_414887.abc
-- skipped I-field: abc-charset utf-8
-- skipped header: (field X,77)


_Polonäs_ur_Andreas_Dahlgrens_notbok_nr_74_743ad5.abc
-- skipped I-field: abc-charset utf-8
-- skipped header: (field X,74)


Polonäs_be0132.abc
-- skipped I-field: abc-charset utf-8
-- skipped header: (field X,95)


Polonesse_in_G_Dur_no_7_ur_Anders_Larssons_notbok_902035.abc
-- skipped I-field: abc-charset utf-8
-- skipped header: (field X,9)


_Polonäs_ur_Jonas_Pehrssons_notbok_nr_29_9573d2.abc
-- skipped I-field: abc-charset utf-8
-- skipped header: (field X,29)


Slängpolska_från_England__stämma_a30e1b.abc
-- skipped I-field: abc-charset utf-8
-- skipped header: (field X,1)


Polonäs_8935ac.abc
-- skipped I-field: abc-charset utf-8
-- skipped header: (field X,101)


Polonäs_efter_Gustaf_Weslien_679c3c.abc
-- skipped I-field: abc-charset utf-8
-- skipped header: (field X,27)


Polska_i_Adur_efter_Ola_i_Skarup_2_207dd7.abc
-- skipped I-field: abc-charset utf-8
-- skipped header: (field X,1)


Polonäs_fbb2b7.abc
-- skipped I-field: abc-charset utf-8
-- skipped header: (field X,140)


_Polonäs_sexdregasamlingen_del_1_nr_90_84bddc.abc
-- skipped I-field: abc-charset utf-8
-- skipped header: (field X,90)


Polonäs_i_G_efter_Johan_Eric_Blomgren_46c6b0.abc
-- skipped I-field: abc-charset utf-8
-- skipped header: (field X,24)


Polonäs_04a34b.abc
-- skipped I-field: abc-charset utf-8
-- skipped header: (field X,41)


Polska_efter_Petter_Dufva_7e6155.abc
-- skipped I-field: abc-charset utf-8
-- skipped header: (field X,1)


Polska__0e3f18.abc
-- skipped I-field: abc-charset utf-8
-- skipped header: (field X,64)


Polonäs_efter_Rondahl_i_C_a2b51d.abc
-- skipped I-field: abc-charset utf-8
-- skipped header: (field X,64)


Polonäs_i_A_efter_Baumgarten_04690b.abc
-- skipped I-field: abc-charset utf-8
-- skipped header: (field X,115)


_Polonesse_in_G_Moll_no_1_ur_Anders_Larssons_notbok_61aa5e.abc
-- skipped I-field: abc-charset utf-8
-- skipped header: (field X,G1)


_Polska_efter_Futteri_Petter_f19eaf.abc
-- skipped I-field: abc-charset utf-8
-- skipped header: (field X,72)


_Polonäs_sexdregasamlingen_del_1_nr_46_311db2.abc
-- skipped I-field: abc-charset utf-8
-- skipped header: (field X,46)


_Polonäs_ur_Andreas_Dahlgrens_notbok_nr_3_ec2fcd.abc
-- skipped I-field: abc-charset utf-8
-- skipped header: (field X,3)


Polonäs_efter_Sam_Wåhlberg_d6dcad.abc
-- skipped I-field: abc-charset utf-8
-- skipped header: (field X,48)


Polonäs_083be4.abc
-- skipped I-field: abc-charset utf-8
-- skipped header: (field X,160)


_Polska_ur_Trästadssamlingen_72a10a.abc
-- skipped I-field: abc-charset utf-8
-- skipped header: (field X,164)


32a7f688d6c7ffc643473e7067ab5945.abc
-- skipped I-field: abc-charset utf-8
-- skipped header: (field X,1)


Polonäs_ur_Lars_Larssons_notbok_i_Cm_fd7499.abc
-- skipped I-field: abc-charset utf-8
-- skipped header: (field X,79)


En_sup_till__polska_efter_Jan_Erik_Hammarberg_9d21b6.abc
-- skipped I-field: abc-charset utf-8
-- skipped header: (field X,23)


Polonäs_efter_Pehr_Andersson_Bild_30_nr_90_d06dcf.abc
-- skipped I-field: abc-charset utf-8
-- skipped header: (field X,90)


Polonäs_i_Bb_efter_Johan_Eric_Blomgren_d30af3.abc
-- skipped I-field: abc-charset utf-8
-- skipped header: (field X,352)


Polonäs_i_G_efter_Johan_Eric_Blomgren_84f3e9.abc
-- skipped I-field: abc-charset utf-8
-- skipped header: (field X,25)


Pollonesse_183258_83ff95.abc
-- skipped I-field: abc-charset utf-8
-- skipped header: (field X,58)


Polska_efter_Mårten_Blank_6b5a9f.abc
-- skipped I-field: abc-charset utf-8
-- skipped header: (field X,1)


Polonäs_efter_Pehr_Andersson_Bild_19_nr_52_3733f9.abc
-- skipped I-field: abc-charset utf-8
-- skipped header: (field X,53)


Polonesse_in_G_Dur_no_1_ur_Anders_Larssons_notbok_ddd78c.abc
-- skipped I-field: abc-charset utf-8
-- skipped header: (field X,3)


_Polonäs_sexdregasamlingen_del_2_nr_79_c74d09.abc
-- skipped I-field: abc-charset utf-8
-- skipped header: (field X,79)


Polonäs_efter_Pehr_Andersson_Bild_11_nr_30_c8b8af.abc
-- skipped I-field: abc-charset utf-8
-- skipped header: (field X,30)


Polonäs_ecec28.abc
-- skipped I-field: abc-charset utf-8
-- skipped header: (field X,86)


Polonäs_efter_Rondahl_i_D_6b27b9.abc
-- skipped I-field: abc-charset utf-8
-- skipped header: (field X,44)


_Polonäs_sexdregasamlingen_del_1_nr_113_117c8b.abc
-- skipped I-field: abc-charset utf-8
-- skipped header: (field X,113)


Polonäs_efter_Pehr_Andersson_Bild_08_nr_24_b1602b.abc
-- skipped I-field: abc-charset utf-8
-- skipped header: (field X,24)


Polonäs_efter_Sam_Wåhlberg_7f8d63.abc
-- skipped I-field: abc-charset utf-8
-- skipped header: (field X,84)


_Polonäs_sexdregasamlingen_del_2_nr_83_4a1c6f.abc
-- skipped I-field: abc-charset utf-8
-- skipped header: (field X,83)


Polska_efter_Wesslén_bec4ac.abc
-- skipped I-field: abc-charset utf-8
-- skipped header: (field X,100)


_Polska_efter_ByssKalle_nr_25_008e56.abc
-- skipped I-field: abc-charset utf-8
-- skipped header: (field X,25)


_Polska_efter_ByssKalle_nr_22_299bd4.abc
-- skipped I-field: abc-charset utf-8
-- skipped header: (field X,22)


Polonäs_efter_Rondahl_i_G__Svanpolska_7a3cc8.abc
-- skipped I-field: abc-charset utf-8
-- skipped header: (field X,75)


Polska_efter_Wesslén_8cb9d2.abc
-- skipped I-field: abc-charset utf-8
-- skipped header: (field X,100)


_Polonäs_sexdregasamlingen_del_2_nr_112_918e59.abc
-- skipped I-field: abc-charset utf-8
-- skipped header: (field X,112)


Polska_1d723c.abc
-- skipped I-field: abc-charset utf-8
-- skipped header: (field X,23)


_Polonesse_in_A_moll_no_5_ur_Anders_Larssons_notbok_969dcd.abc
-- skipped I-field: abc-charset utf-8
-- skipped header: (field X,109)


Pollonesse_183204_118db9.abc
-- skipped I-field: abc-charset utf-8
-- skipped header: (field X,4)


Polonäs_efter_John_Enninger_efd180.abc
-- skipped I-field: abc-charset utf-8
-- skipped header: (field X,1)
-- skipped I-field: graceslurs 0


Polonäs_eeeb2d.abc
-- skipped I-field: abc-charset utf-8
-- skipped header: (field X,203)


_Polonesse_in_G_Måll_no_2_769438.abc
**misplaced symbol: Y 
:deco head-small 0 shd 0 0 0 ][X:119][U:Y = +head-small+][T: Polonesse in G Måll
----------------------------------------^
-- skipped I-field: abc-charset utf-8
-- skipped I-field: beginps
-- skipped I-field: endps
-- skipped I-field: deco head-small 0 shd 0 0 0
-- skipped header: (field X,119)


Lackströms_polska_a36e55.abc
-- skipped I-field: abc-charset utf-8
-- skipped header: (field X,8)


_Polska_Kringellåt_efter_Snickar_Erik_985b63.abc
**misplaced symbol: /
[V:1] /shd{    M 2.3 1.3 RM -1 2.5 -6.5 0 -5.5 -2.5 RC 1 -2.5 6.5 0 5.5 2.5 RC fill}! [I:endps][I:deco head-small 0 shd 0 0 0 ][U: S=head-small][T: Polska (Kringellåt) efter Snickar Erik][S: efter Snickar-Erik Olsson][O: Emnebo, Ovanåkers socken, Hälsingland][B: EÖ, nr 502][R: Slängpolska][Z: Nils L][M: 3/4][L: 1/16][K: Em][V:1] (g2(fg) b2)g2 d2B2 | ((dc)(Bc) a2)c2 B2A2 | (BA)(Bd) c2B2 A2F2 | .G2(AB) (AG)FE D4 | g2fg b2g2 f2g2 | e2(^de) g2f2 e2g2 | .B2(cB) A2(BA) G2(AG) | F2E2 (^D2>E2) [EG,]4 :: (Bc)(BA) G2(GF) G2B2 | A2>G2 F2E2 F2A2 | G2>F2 E2F2 G2B2 | A2>G2 F2F2 D4 | B4 e4 g4 | B4 g4 b4 | (ab)ag (fg)fe ^d2B2 | .g2(fa) .g2(fe) ^d2B2 | e2(^de) g2(fg) b2g2 | (fe)^df e8 :| 
-----^
**misplaced symbol: {
[V:1] /shd{    M 2.3 1.3 RM -1 2.5 -6.5 0 -5.5 -2.5 RC 1 -2.5 6.5 0 5.5 2.5 RC fill}! [I:endps][I:deco head-small 0 shd 0 0 0 ][U: S=head-small][T: Polska (Kringellåt) efter Snickar Erik][S: efter Snickar-Erik Olsson][O: Emnebo, Ovanåkers socken, Hälsingland][B: EÖ, nr 502][R: Slängpolska][Z: Nils L][M: 3/4][L: 1/16][K: Em][V:1] (g2(fg) b2)g2 d2B2 | ((dc)(Bc) a2)c2 B2A2 | (BA)(Bd) c2B2 A2F2 | .G2(AB) (AG)FE D4 | g2fg b2g2 f2g2 | e2(^de) g2f2 e2g2 | .B2(cB) A2(BA) G2(AG) | F2E2 (^D2>E2) [EG,]4 :: (Bc)(BA) G2(GF) G2B2 | A2>G2 F2E2 F2A2 | G2>F2 E2F2 G2B2 | A2>G2 F2F2 D4 | B4 e4 g4 | B4 g4 b4 | (ab)ag (fg)fe ^d2B2 | .g2(fa) .g2(fe) ^d2B2 | e2(^de) g2(fg) b2g2 | (fe)^df e8 :| 
----------^
**misplaced symbol: 2
[V:1] /shd{    M 2.3 1.3 RM -1 2.5 -6.5 0 -5.5 -2.5 RC 1 -2.5 6.5 0 5.5 2.5 RC fill}! [I:endps][I:deco head-small 0 shd 0 0 0 ][U: S=head-small][T: Polska (Kringellåt) efter Snickar Erik][S: efter Snickar-Erik Olsson][O: Emnebo, Ovanåkers socken, Hälsingland][B: EÖ, nr 502][R: Slängpolska][Z: Nils L][M: 3/4][L: 1/16][K: Em][V:1] (g2(fg) b2)g2 d2B2 | ((dc)(Bc) a2)c2 B2A2 | (BA)(Bd) c2B2 A2F2 | .G2(AB) (AG)FE D4 | g2fg b2g2 f2g2 | e2(^de) g2f2 e2g2 | .B2(cB) A2(BA) G2(AG) | F2E2 (^D2>E2) [EG,]4 :: (Bc)(BA) G2(GF) G2B2 | A2>G2 F2E2 F2A2 | G2>F2 E2F2 G2B2 | A2>G2 F2F2 D4 | B4 e4 g4 | B4 g4 b4 | (ab)ag (fg)fe ^d2B2 | .g2(fa) .g2(fe) ^d2B2 | e2(^de) g2(fg) b2g2 | (fe)^df e8 :| 
----------------^
**misplaced symbol: 3
[V:1] /shd{    M 2.3 1.3 RM -1 2.5 -6.5 0 -5.5 -2.5 RC 1 -2.5 6.5 0 5.5 2.5 RC fill}! [I:endps][I:deco head-small 0 shd 0 0 0 ][U: S=head-small][T: Polska (Kringellåt) efter Snickar Erik][S: efter Snickar-Erik Olsson][O: Emnebo, Ovanåkers socken, Hälsingland][B: EÖ, nr 502][R: Slängpolska][Z: Nils L][M: 3/4][L: 1/16][K: Em][V:1] (g2(fg) b2)g2 d2B2 | ((dc)(Bc) a2)c2 B2A2 | (BA)(Bd) c2B2 A2F2 | .G2(AB) (AG)FE D4 | g2fg b2g2 f2g2 | e2(^de) g2f2 e2g2 | .B2(cB) A2(BA) G2(AG) | F2E2 (^D2>E2) [EG,]4 :: (Bc)(BA) G2(GF) G2B2 | A2>G2 F2E2 F2A2 | G2>F2 E2F2 G2B2 | A2>G2 F2F2 D4 | B4 e4 g4 | B4 g4 b4 | (ab)ag (fg)fe ^d2B2 | .g2(fa) .g2(fe) ^d2B2 | e2(^de) g2(fg) b2g2 | (fe)^df e8 :| 
-------------------^
**misplaced symbol: 1
[V:1] /shd{    M 2.3 1.3 RM -1 2.5 -6.5 0 -5.5 -2.5 RC 1 -2.5 6.5 0 5.5 2.5 RC fill}! [I:endps][I:deco head-small 0 shd 0 0 0 ][U: S=head-small][T: Polska (Kringellåt) efter Snickar Erik][S: efter Snickar-Erik Olsson][O: Emnebo, Ovanåkers socken, Hälsingland][B: EÖ, nr 502][R: Slängpolska][Z: Nils L][M: 3/4][L: 1/16][K: Em][V:1] (g2(fg) b2)g2 d2B2 | ((dc)(Bc) a2)c2 B2A2 | (BA)(Bd) c2B2 A2F2 | .G2(AB) (AG)FE D4 | g2fg b2g2 f2g2 | e2(^de) g2f2 e2g2 | .B2(cB) A2(BA) G2(AG) | F2E2 (^D2>E2) [EG,]4 :: (Bc)(BA) G2(GF) G2B2 | A2>G2 F2E2 F2A2 | G2>F2 E2F2 G2B2 | A2>G2 F2F2 D4 | B4 e4 g4 | B4 g4 b4 | (ab)ag (fg)fe ^d2B2 | .g2(fa) .g2(fe) ^d2B2 | e2(^de) g2(fg) b2g2 | (fe)^df e8 :| 
--------------------^
**misplaced symbol: 3
[V:1] /shd{    M 2.3 1.3 RM -1 2.5 -6.5 0 -5.5 -2.5 RC 1 -2.5 6.5 0 5.5 2.5 RC fill}! [I:endps][I:deco head-small 0 shd 0 0 0 ][U: S=head-small][T: Polska (Kringellåt) efter Snickar Erik][S: efter Snickar-Erik Olsson][O: Emnebo, Ovanåkers socken, Hälsingland][B: EÖ, nr 502][R: Slängpolska][Z: Nils L][M: 3/4][L: 1/16][K: Em][V:1] (g2(fg) b2)g2 d2B2 | ((dc)(Bc) a2)c2 B2A2 | (BA)(Bd) c2B2 A2F2 | .G2(AB) (AG)FE D4 | g2fg b2g2 f2g2 | e2(^de) g2f2 e2g2 | .B2(cB) A2(BA) G2(AG) | F2E2 (^D2>E2) [EG,]4 :: (Bc)(BA) G2(GF) G2B2 | A2>G2 F2E2 F2A2 | G2>F2 E2F2 G2B2 | A2>G2 F2F2 D4 | B4 e4 g4 | B4 g4 b4 | (ab)ag (fg)fe ^d2B2 | .g2(fa) .g2(fe) ^d2B2 | e2(^de) g2(fg) b2g2 | (fe)^df e8 :| 
-----------------------^
**misplaced symbol: -
[V:1] /shd{    M 2.3 1.3 RM -1 2.5 -6.5 0 -5.5 -2.5 RC 1 -2.5 6.5 0 5.5 2.5 RC fill}! [I:endps][I:deco head-small 0 shd 0 0 0 ][U: S=head-small][T: Polska (Kringellåt) efter Snickar Erik][S: efter Snickar-Erik Olsson][O: Emnebo, Ovanåkers socken, Hälsingland][B: EÖ, nr 502][R: Slängpolska][Z: Nils L][M: 3/4][L: 1/16][K: Em][V:1] (g2(fg) b2)g2 d2B2 | ((dc)(Bc) a2)c2 B2A2 | (BA)(Bd) c2B2 A2F2 | .G2(AB) (AG)FE D4 | g2fg b2g2 f2g2 | e2(^de) g2f2 e2g2 | .B2(cB) A2(BA) G2(AG) | F2E2 (^D2>E2) [EG,]4 :: (Bc)(BA) G2(GF) G2B2 | A2>G2 F2E2 F2A2 | G2>F2 E2F2 G2B2 | A2>G2 F2F2 D4 | B4 e4 g4 | B4 g4 b4 | (ab)ag (fg)fe ^d2B2 | .g2(fa) .g2(fe) ^d2B2 | e2(^de) g2(fg) b2g2 | (fe)^df e8 :| 
---------------------------^
**misplaced symbol: 1
[V:1] /shd{    M 2.3 1.3 RM -1 2.5 -6.5 0 -5.5 -2.5 RC 1 -2.5 6.5 0 5.5 2.5 RC fill}! [I:endps][I:deco head-small 0 shd 0 0 0 ][U: S=head-small][T: Polska (Kringellåt) efter Snickar Erik][S: efter Snickar-Erik Olsson][O: Emnebo, Ovanåkers socken, Hälsingland][B: EÖ, nr 502][R: Slängpolska][Z: Nils L][M: 3/4][L: 1/16][K: Em][V:1] (g2(fg) b2)g2 d2B2 | ((dc)(Bc) a2)c2 B2A2 | (BA)(Bd) c2B2 A2F2 | .G2(AB) (AG)FE D4 | g2fg b2g2 f2g2 | e2(^de) g2f2 e2g2 | .B2(cB) A2(BA) G2(AG) | F2E2 (^D2>E2) [EG,]4 :: (Bc)(BA) G2(GF) G2B2 | A2>G2 F2E2 F2A2 | G2>F2 E2F2 G2B2 | A2>G2 F2F2 D4 | B4 e4 g4 | B4 g4 b4 | (ab)ag (fg)fe ^d2B2 | .g2(fa) .g2(fe) ^d2B2 | e2(^de) g2(fg) b2g2 | (fe)^df e8 :| 
-----------------------------^
**misplaced symbol: 2
[V:1] /shd{    M 2.3 1.3 RM -1 2.5 -6.5 0 -5.5 -2.5 RC 1 -2.5 6.5 0 5.5 2.5 RC fill}! [I:endps][I:deco head-small 0 shd 0 0 0 ][U: S=head-small][T: Polska (Kringellåt) efter Snickar Erik][S: efter Snickar-Erik Olsson][O: Emnebo, Ovanåkers socken, Hälsingland][B: EÖ, nr 502][R: Slängpolska][Z: Nils L][M: 3/4][L: 1/16][K: Em][V:1] (g2(fg) b2)g2 d2B2 | ((dc)(Bc) a2)c2 B2A2 | (BA)(Bd) c2B2 A2F2 | .G2(AB) (AG)FE D4 | g2fg b2g2 f2g2 | e2(^de) g2f2 e2g2 | .B2(cB) A2(BA) G2(AG) | F2E2 (^D2>E2) [EG,]4 :: (Bc)(BA) G2(GF) G2B2 | A2>G2 F2E2 F2A2 | G2>F2 E2F2 G2B2 | A2>G2 F2F2 D4 | B4 e4 g4 | B4 g4 b4 | (ab)ag (fg)fe ^d2B2 | .g2(fa) .g2(fe) ^d2B2 | e2(^de) g2(fg) b2g2 | (fe)^df e8 :| 
------------------------------^
**misplaced symbol: 5
[V:1] /shd{    M 2.3 1.3 RM -1 2.5 -6.5 0 -5.5 -2.5 RC 1 -2.5 6.5 0 5.5 2.5 RC fill}! [I:endps][I:deco head-small 0 shd 0 0 0 ][U: S=head-small][T: Polska (Kringellåt) efter Snickar Erik][S: efter Snickar-Erik Olsson][O: Emnebo, Ovanåkers socken, Hälsingland][B: EÖ, nr 502][R: Slängpolska][Z: Nils L][M: 3/4][L: 1/16][K: Em][V:1] (g2(fg) b2)g2 d2B2 | ((dc)(Bc) a2)c2 B2A2 | (BA)(Bd) c2B2 A2F2 | .G2(AB) (AG)FE D4 | g2fg b2g2 f2g2 | e2(^de) g2f2 e2g2 | .B2(cB) A2(BA) G2(AG) | F2E2 (^D2>E2) [EG,]4 :: (Bc)(BA) G2(GF) G2B2 | A2>G2 F2E2 F2A2 | G2>F2 E2F2 G2B2 | A2>G2 F2F2 D4 | B4 e4 g4 | B4 g4 b4 | (ab)ag (fg)fe ^d2B2 | .g2(fa) .g2(fe) ^d2B2 | e2(^de) g2(fg) b2g2 | (fe)^df e8 :| 
---------------------------------^
**misplaced symbol: -
[V:1] /shd{    M 2.3 1.3 RM -1 2.5 -6.5 0 -5.5 -2.5 RC 1 -2.5 6.5 0 5.5 2.5 RC fill}! [I:endps][I:deco head-small 0 shd 0 0 0 ][U: S=head-small][T: Polska (Kringellåt) efter Snickar Erik][S: efter Snickar-Erik Olsson][O: Emnebo, Ovanåkers socken, Hälsingland][B: EÖ, nr 502][R: Slängpolska][Z: Nils L][M: 3/4][L: 1/16][K: Em][V:1] (g2(fg) b2)g2 d2B2 | ((dc)(Bc) a2)c2 B2A2 | (BA)(Bd) c2B2 A2F2 | .G2(AB) (AG)FE D4 | g2fg b2g2 f2g2 | e2(^de) g2f2 e2g2 | .B2(cB) A2(BA) G2(AG) | F2E2 (^D2>E2) [EG,]4 :: (Bc)(BA) G2(GF) G2B2 | A2>G2 F2E2 F2A2 | G2>F2 E2F2 G2B2 | A2>G2 F2F2 D4 | B4 e4 g4 | B4 g4 b4 | (ab)ag (fg)fe ^d2B2 | .g2(fa) .g2(fe) ^d2B2 | e2(^de) g2(fg) b2g2 | (fe)^df e8 :| 
----------------------------------^
**misplaced symbol: 6
[V:1] /shd{    M 2.3 1.3 RM -1 2.5 -6.5 0 -5.5 -2.5 RC 1 -2.5 6.5 0 5.5 2.5 RC fill}! [I:endps][I:deco head-small 0 shd 0 0 0 ][U: S=head-small][T: Polska (Kringellåt) efter Snickar Erik][S: efter Snickar-Erik Olsson][O: Emnebo, Ovanåkers socken, Hälsingland][B: EÖ, nr 502][R: Slängpolska][Z: Nils L][M: 3/4][L: 1/16][K: Em][V:1] (g2(fg) b2)g2 d2B2 | ((dc)(Bc) a2)c2 B2A2 | (BA)(Bd) c2B2 A2F2 | .G2(AB) (AG)FE D4 | g2fg b2g2 f2g2 | e2(^de) g2f2 e2g2 | .B2(cB) A2(BA) G2(AG) | F2E2 (^D2>E2) [EG,]4 :: (Bc)(BA) G2(GF) G2B2 | A2>G2 F2E2 F2A2 | G2>F2 E2F2 G2B2 | A2>G2 F2F2 D4 | B4 e4 g4 | B4 g4 b4 | (ab)ag (fg)fe ^d2B2 | .g2(fa) .g2(fe) ^d2B2 | e2(^de) g2(fg) b2g2 | (fe)^df e8 :| 
------------------------------------^
**misplaced symbol: 5
[V:1] /shd{    M 2.3 1.3 RM -1 2.5 -6.5 0 -5.5 -2.5 RC 1 -2.5 6.5 0 5.5 2.5 RC fill}! [I:endps][I:deco head-small 0 shd 0 0 0 ][U: S=head-small][T: Polska (Kringellåt) efter Snickar Erik][S: efter Snickar-Erik Olsson][O: Emnebo, Ovanåkers socken, Hälsingland][B: EÖ, nr 502][R: Slängpolska][Z: Nils L][M: 3/4][L: 1/16][K: Em][V:1] (g2(fg) b2)g2 d2B2 | ((dc)(Bc) a2)c2 B2A2 | (BA)(Bd) c2B2 A2F2 | .G2(AB) (AG)FE D4 | g2fg b2g2 f2g2 | e2(^de) g2f2 e2g2 | .B2(cB) A2(BA) G2(AG) | F2E2 (^D2>E2) [EG,]4 :: (Bc)(BA) G2(GF) G2B2 | A2>G2 F2E2 F2A2 | G2>F2 E2F2 G2B2 | A2>G2 F2F2 D4 | B4 e4 g4 | B4 g4 b4 | (ab)ag (fg)fe ^d2B2 | .g2(fa) .g2(fe) ^d2B2 | e2(^de) g2(fg) b2g2 | (fe)^df e8 :| 
--------------------------------------^
**misplaced symbol: 0
[V:1] /shd{    M 2.3 1.3 RM -1 2.5 -6.5 0 -5.5 -2.5 RC 1 -2.5 6.5 0 5.5 2.5 RC fill}! [I:endps][I:deco head-small 0 shd 0 0 0 ][U: S=head-small][T: Polska (Kringellåt) efter Snickar Erik][S: efter Snickar-Erik Olsson][O: Emnebo, Ovanåkers socken, Hälsingland][B: EÖ, nr 502][R: Slängpolska][Z: Nils L][M: 3/4][L: 1/16][K: Em][V:1] (g2(fg) b2)g2 d2B2 | ((dc)(Bc) a2)c2 B2A2 | (BA)(Bd) c2B2 A2F2 | .G2(AB) (AG)FE D4 | g2fg b2g2 f2g2 | e2(^de) g2f2 e2g2 | .B2(cB) A2(BA) G2(AG) | F2E2 (^D2>E2) [EG,]4 :: (Bc)(BA) G2(GF) G2B2 | A2>G2 F2E2 F2A2 | G2>F2 E2F2 G2B2 | A2>G2 F2F2 D4 | B4 e4 g4 | B4 g4 b4 | (ab)ag (fg)fe ^d2B2 | .g2(fa) .g2(fe) ^d2B2 | e2(^de) g2(fg) b2g2 | (fe)^df e8 :| 
---------------------------------------^
**misplaced symbol: -
V:1] /shd{    M 2.3 1.3 RM -1 2.5 -6.5 0 -5.5 -2.5 RC 1 -2.5 6.5 0 5.5 2.5 RC fi
----------------------------------------^
**misplaced symbol: 5
1] /shd{    M 2.3 1.3 RM -1 2.5 -6.5 0 -5.5 -2.5 RC 1 -2.5 6.5 0 5.5 2.5 RC fill
----------------------------------------^
**misplaced symbol: 5
 /shd{    M 2.3 1.3 RM -1 2.5 -6.5 0 -5.5 -2.5 RC 1 -2.5 6.5 0 5.5 2.5 RC fill}!
----------------------------------------^
**misplaced symbol: -
/shd{    M 2.3 1.3 RM -1 2.5 -6.5 0 -5.5 -2.5 RC 1 -2.5 6.5 0 5.5 2.5 RC fill}! 
----------------------------------------^
**misplaced symbol: 2
hd{    M 2.3 1.3 RM -1 2.5 -6.5 0 -5.5 -2.5 RC 1 -2.5 6.5 0 5.5 2.5 RC fill}! [I
----------------------------------------^
**misplaced symbol: 5
{    M 2.3 1.3 RM -1 2.5 -6.5 0 -5.5 -2.5 RC 1 -2.5 6.5 0 5.5 2.5 RC fill}! [I:e
----------------------------------------^
**misplaced symbol: 2
.3 1.3 RM -1 2.5 -6.5 0 -5.5 -2.5 RC 1 -2.5 6.5 0 5.5 2.5 RC fill}! [I:endps][I:
----------------------------------------^
**misplaced symbol: 5
 1.3 RM -1 2.5 -6.5 0 -5.5 -2.5 RC 1 -2.5 6.5 0 5.5 2.5 RC fill}! [I:endps][I:de
----------------------------------------^
**misplaced symbol: 6
1.3 RM -1 2.5 -6.5 0 -5.5 -2.5 RC 1 -2.5 6.5 0 5.5 2.5 RC fill}! [I:endps][I:dec
----------------------------------------^
**misplaced symbol: 5
 RM -1 2.5 -6.5 0 -5.5 -2.5 RC 1 -2.5 6.5 0 5.5 2.5 RC fill}! [I:endps][I:deco h
----------------------------------------^
**misplaced symbol: 0
RM -1 2.5 -6.5 0 -5.5 -2.5 RC 1 -2.5 6.5 0 5.5 2.5 RC fill}! [I:endps][I:deco he
----------------------------------------^
**misplaced symbol: 5
 -1 2.5 -6.5 0 -5.5 -2.5 RC 1 -2.5 6.5 0 5.5 2.5 RC fill}! [I:endps][I:deco head
----------------------------------------^
**misplaced symbol: 5
 2.5 -6.5 0 -5.5 -2.5 RC 1 -2.5 6.5 0 5.5 2.5 RC fill}! [I:endps][I:deco head-sm
----------------------------------------^
**misplaced symbol: 2
2.5 -6.5 0 -5.5 -2.5 RC 1 -2.5 6.5 0 5.5 2.5 RC fill}! [I:endps][I:deco head-sma
----------------------------------------^
**misplaced symbol: 5
 -6.5 0 -5.5 -2.5 RC 1 -2.5 6.5 0 5.5 2.5 RC fill}! [I:endps][I:deco head-small 
----------------------------------------^
**misplaced symbol: }
5.5 -2.5 RC 1 -2.5 6.5 0 5.5 2.5 RC fill}! [I:endps][I:deco head-small 0 shd 0 0
----------------------------------------^
-- skipped I-field: abc-charset utf-8
-- skipped header: (field X,502)
-- skipped I-field: beginps
-- unhandled note decorations: ['s', 'h']
-- unhandled note decorations: ['R', 'R']
-- unhandled note decorations: ['R']
-- skipped I-field: endps
-- skipped I-field: deco head-small 0 shd 0 0 0
-- **illegal header field in body: U, content: S head-small
-- **illegal header field in body: T, content: Polska (Kringellåt) efter Snickar Erik
-- **illegal header field in body: S, content: efter Snickar-Erik Olsson
-- **illegal header field in body: O, content: Emnebo, Ovanåkers socken, Hälsingland
-- **illegal header field in body: B, content: EÖ, nr 502
-- **illegal header field in body: R, content: Slängpolska
-- **illegal header field in body: Z, content: Nils L
-- unhandled note decorations: ['i', 'l', 'l']


Polonäs_i_Dm_efter_Jean_E_Blomgren_615fdd.abc
-- skipped I-field: abc-charset utf-8
-- skipped header: (field X,20)


Polonesse_in_G_Dur_no_17_ur_Anders_Larssons_notbok_13aa5c.abc
-- skipped I-field: abc-charset utf-8
-- skipped header: (field X,19)


Polonäs_i_C_efter_Johan_Eric_Blomgren_d29bc6.abc
-- skipped I-field: abc-charset utf-8
-- skipped header: (field X,55)


Nils_slängpolska_d7c5f9.abc
-- skipped I-field: abc-charset utf-8
-- skipped header: (field X,1)


Pollonesse_ur_Andreas_Dahlgrens_notbok_nr_43_a11680.abc
-- skipped I-field: abc-charset utf-8
-- skipped header: (field X,43)
(base) [hentsche@DCMLPC3 code]$ 
